#
# There is insufficient memory for the Java Runtime Environment to continue.
# Native memory allocation (mmap) failed to map 22020096 bytes for G1 virtual space
# Possible reasons:
#   The system is out of physical RAM or swap space
#   The process is running with CompressedOops enabled, and the Java Heap may be blocking the growth of the native heap
# Possible solutions:
#   Reduce memory load on the system
#   Increase physical memory or swap space
#   Check if swap backing store is full
#   Decrease Java heap size (-Xmx/-Xms)
#   Decrease number of Java threads
#   Decrease Java thread stack sizes (-Xss)
#   Set larger code cache with -XX:ReservedCodeCacheSize=
#   JVM is running with Unscaled Compressed Oops mode in which the Java heap is
#     placed in the first 4GB address space. The Java Heap base address is the
#     maximum limit for the native heap growth. Please use -XX:HeapBaseMinAddress
#     to set the Java Heap base and to place the Java Heap above 4GB virtual address.
# This output file may be truncated or incomplete.
#
#  Out of Memory Error (os_windows.cpp:3466), pid=2908, tid=4260
#
# JRE version: Java(TM) SE Runtime Environment (16.0.1+9) (build 16.0.1+9-24)
# Java VM: Java HotSpot(TM) 64-Bit Server VM (16.0.1+9-24, mixed mode, sharing, tiered, compressed oops, compressed class ptrs, g1 gc, windows-amd64)
# No core dump will be written. Minidumps are not enabled by default on client versions of Windows
#

---------------  S U M M A R Y ------------

Command Line: d:\Users\Gilson José.DESKTOP-TTETHU6\.vscode\extensions\sonarsource.sonarlint-vscode-2.0.0\server\sonarlint-ls.jar 49905 file:///d:/Users/Gilson%20Jos%C3%A9.DESKTOP-TTETHU6/.vscode/extensions/sonarsource.sonarlint-vscode-2.0.0/analyzers/sonarjava.jar file:///d:/Users/Gilson%20Jos%C3%A9.DESKTOP-TTETHU6/.vscode/extensions/sonarsource.sonarlint-vscode-2.0.0/analyzers/sonarjs.jar file:///d:/Users/Gilson%20Jos%C3%A9.DESKTOP-TTETHU6/.vscode/extensions/sonarsource.sonarlint-vscode-2.0.0/analyzers/sonarphp.jar file:///d:/Users/Gilson%20Jos%C3%A9.DESKTOP-TTETHU6/.vscode/extensions/sonarsource.sonarlint-vscode-2.0.0/analyzers/sonarpython.jar file:///d:/Users/Gilson%20Jos%C3%A9.DESKTOP-TTETHU6/.vscode/extensions/sonarsource.sonarlint-vscode-2.0.0/analyzers/sonarhtml.jar

Host: Intel(R) Core(TM) i3-4130 CPU @ 3.40GHz, 4 cores, 5G,  Windows 10 , 64 bit Build 18362 (10.0.18362.329)
Time: Sat Jul 24 15:21:21 2021 Hora oficial do Brasil elapsed time: 23890.337355 seconds (0d 6h 38m 10s)

---------------  T H R E A D  ---------------

Current thread (0x00000193a416ed40):  VMThread "VM Thread" [stack: 0x0000003ab3400000,0x0000003ab3500000] [id=4260]

Stack: [0x0000003ab3400000,0x0000003ab3500000]
Native frames: (J=compiled Java code, j=interpreted, Vv=VM code, C=native code)
V  [jvm.dll+0x6687ca]
V  [jvm.dll+0x7ca3c9]
V  [jvm.dll+0x7cbb53]
V  [jvm.dll+0x7cc1b3]
V  [jvm.dll+0x242ea5]
V  [jvm.dll+0x665589]
V  [jvm.dll+0x65a175]
V  [jvm.dll+0x2fc5ab]
V  [jvm.dll+0x3037a6]
V  [jvm.dll+0x352fee]
V  [jvm.dll+0x35321f]
V  [jvm.dll+0x2d3618]
V  [jvm.dll+0x2d11a5]
V  [jvm.dll+0x2d07dc]
V  [jvm.dll+0x3158c2]
V  [jvm.dll+0x7d05eb]
V  [jvm.dll+0x7d12e4]
V  [jvm.dll+0x7d17e9]
V  [jvm.dll+0x7d1aa4]
V  [jvm.dll+0x7d1b70]
V  [jvm.dll+0x779b4a]
V  [jvm.dll+0x667666]
C  [ucrtbase.dll+0x20e72]
C  [KERNEL32.DLL+0x17bd4]
C  [ntdll.dll+0x6ced1]

VM_Operation (0x0000003ab4dfcb50): G1CollectForAllocation, mode: safepoint, requested by thread 0x00000193a5a57040


---------------  P R O C E S S  ---------------

Threads class SMR info:
_java_thread_list=0x00000193a53758d0, length=20, elements={
0x00000193a4175040, 0x00000193a4175d00, 0x00000193a41874d0, 0x00000193a4188df0,
0x00000193a41897f0, 0x00000193a418c200, 0x00000193a418cfe0, 0x00000193a41f3930,
0x00000193a4200260, 0x00000193a4c858c0, 0x00000193a4c8e0f0, 0x00000193a4e8caf0,
0x00000193a4de86a0, 0x00000193a4df0e30, 0x0000019385de5e10, 0x00000193a4e4d7c0,
0x00000193a53d6fd0, 0x00000193a5a423d0, 0x00000193a5a57ae0, 0x00000193a5a57040
}

Java Threads: ( => current thread )
  0x00000193a4175040 JavaThread "Reference Handler" daemon [_thread_blocked, id=5496, stack(0x0000003ab3500000,0x0000003ab3600000)]
  0x00000193a4175d00 JavaThread "Finalizer" daemon [_thread_blocked, id=6096, stack(0x0000003ab3600000,0x0000003ab3700000)]
  0x00000193a41874d0 JavaThread "Signal Dispatcher" daemon [_thread_blocked, id=8492, stack(0x0000003ab3700000,0x0000003ab3800000)]
  0x00000193a4188df0 JavaThread "Attach Listener" daemon [_thread_blocked, id=1684, stack(0x0000003ab3800000,0x0000003ab3900000)]
  0x00000193a41897f0 JavaThread "Service Thread" daemon [_thread_blocked, id=7056, stack(0x0000003ab3900000,0x0000003ab3a00000)]
  0x00000193a418c200 JavaThread "Monitor Deflation Thread" daemon [_thread_blocked, id=996, stack(0x0000003ab3a00000,0x0000003ab3b00000)]
  0x00000193a418cfe0 JavaThread "C2 CompilerThread0" daemon [_thread_blocked, id=9320, stack(0x0000003ab3b00000,0x0000003ab3c00000)]
  0x00000193a41f3930 JavaThread "C1 CompilerThread0" daemon [_thread_blocked, id=6908, stack(0x0000003ab3c00000,0x0000003ab3d00000)]
  0x00000193a4200260 JavaThread "Sweeper thread" daemon [_thread_blocked, id=8728, stack(0x0000003ab3d00000,0x0000003ab3e00000)]
  0x00000193a4c858c0 JavaThread "Notification Thread" daemon [_thread_blocked, id=7228, stack(0x0000003ab3e00000,0x0000003ab3f00000)]
  0x00000193a4c8e0f0 JavaThread "Common-Cleaner" daemon [_thread_blocked, id=7264, stack(0x0000003ab4000000,0x0000003ab4100000)]
  0x00000193a4e8caf0 JavaThread "Binding updates checker" [_thread_blocked, id=9432, stack(0x0000003ab4500000,0x0000003ab4600000)]
  0x00000193a4de86a0 JavaThread "Notifications timer" daemon [_thread_blocked, id=8288, stack(0x0000003ab4600000,0x0000003ab4700000)]
  0x00000193a4df0e30 JavaThread "SonarLint LSP message processor" [_thread_blocked, id=9368, stack(0x0000003ab4700000,0x0000003ab4800000)]
  0x0000019385de5e10 JavaThread "DestroyJavaVM" [_thread_blocked, id=8284, stack(0x0000003ab2e00000,0x0000003ab2f00000)]
  0x00000193a4e4d7c0 JavaThread "ForkJoinPool.commonPool-worker-3" daemon [_thread_blocked, id=8896, stack(0x0000003ab4800000,0x0000003ab4900000)]
  0x00000193a53d6fd0 JavaThread "sonarlint-auto-trigger" daemon [_thread_blocked, id=3240, stack(0x0000003ab4900000,0x0000003ab4a00000)]
  0x00000193a5a423d0 JavaThread "HTTP-listener-64120-1" [_thread_in_native, id=4548, stack(0x0000003ab4a00000,0x0000003ab4b00000)]
  0x00000193a5a57ae0 JavaThread "SonarLint Telemetry" [_thread_blocked, id=2712, stack(0x0000003ab4b00000,0x0000003ab4c00000)]
  0x00000193a5a57040 JavaThread "SonarLint analysis" [_thread_blocked, id=980, stack(0x0000003ab4d00000,0x0000003ab4e00000)]

Other Threads:
=>0x00000193a416ed40 VMThread "VM Thread" [stack: 0x0000003ab3400000,0x0000003ab3500000] [id=4260]
  0x00000193a4c8de00 WatcherThread [stack: 0x0000003ab3f00000,0x0000003ab4000000] [id=6948]
  0x0000019385e1e3b0 GCTaskThread "GC Thread#0" [stack: 0x0000003ab2f00000,0x0000003ab3000000] [id=3028]
  0x00000193a548e7a0 GCTaskThread "GC Thread#1" [stack: 0x0000003ab4200000,0x0000003ab4300000] [id=2208]
  0x00000193a548eab0 GCTaskThread "GC Thread#2" [stack: 0x0000003ab4300000,0x0000003ab4400000] [id=2164]
  0x00000193a55e08f0 GCTaskThread "GC Thread#3" [stack: 0x0000003ab4400000,0x0000003ab4500000] [id=7392]
  0x0000019385e2b170 ConcurrentGCThread "G1 Main Marker" [stack: 0x0000003ab3000000,0x0000003ab3100000] [id=9468]
  0x0000019385e2bc30 ConcurrentGCThread "G1 Conc#0" [stack: 0x0000003ab3100000,0x0000003ab3200000] [id=2020]
  0x0000019385e8cac0 ConcurrentGCThread "G1 Refine#0" [stack: 0x0000003ab3200000,0x0000003ab3300000] [id=6524]
  0x00000193a98dc630 ConcurrentGCThread "G1 Refine#1" [stack: 0x0000003ab4e00000,0x0000003ab4f00000] [id=6592]
  0x00000193a7b326e0 ConcurrentGCThread "G1 Refine#2" [stack: 0x0000003ab4100000,0x0000003ab4200000] [id=9904]
  0x00000193a9a654f0 ConcurrentGCThread "G1 Refine#3" [stack: 0x0000003ab2c00000,0x0000003ab2d00000] [id=7404]
  0x0000019385e8d440 ConcurrentGCThread "G1 Service" [stack: 0x0000003ab3300000,0x0000003ab3400000] [id=8448]

Threads with active compile tasks:

VM state: at safepoint (normal execution)

VM Mutex/Monitor currently owned by a thread:  ([mutex/lock_event])
[0x0000019385de2580] Threads_lock - owner thread: 0x00000193a416ed40
[0x0000019385de26a0] Heap_lock - owner thread: 0x00000193a5a57040

Heap address: 0x00000000a1400000, size: 1516 MB, Compressed Oops mode: 32-bit

CDS archive(s) mapped at: [0x0000000800000000-0x0000000800bb0000-0x0000000800bb0000), size 12255232, SharedBaseAddress: 0x0000000800000000, ArchiveRelocationMode: 0.
Compressed class space mapped at: 0x0000000800c00000-0x0000000840c00000, reserved size: 1073741824
Narrow klass base: 0x0000000800000000, Narrow klass shift: 3, Narrow klass range: 0x100000000

GC Precious Log:
 CPUs: 4 total, 4 available
 Memory: 6063M
 Large Page Support: Disabled
 NUMA Support: Disabled
 Compressed Oops: Enabled (32-bit)
 Heap Region Size: 1M
 Heap Min Capacity: 8M
 Heap Initial Capacity: 96M
 Heap Max Capacity: 1516M
 Pre-touch: Disabled
 Parallel Workers: 4
 Concurrent Workers: 1
 Concurrent Refinement Workers: 4
 Periodic GC: Disabled

Heap:
 garbage-first heap   total 368640K, used 41757K [0x00000000a1400000, 0x0000000100000000)
  region size 1024K, 6 young (6144K), 6 survivors (6144K)
 Metaspace       used 43060K, committed 44736K, reserved 1097728K
  class space    used 5195K, committed 5760K, reserved 1048576K

Heap Regions: E=young(eden), S=young(survivor), O=old, HS=humongous(starts), HC=humongous(continues), CS=collection set, F=free, OA=open archive, CA=closed archive, TAMS=top-at-mark-start (previous, next)
|   0|0x00000000a1400000, 0x00000000a1500000, 0x00000000a1500000|100%| O|  |TAMS 0x00000000a1500000, 0x00000000a1500000| Untracked 
|   1|0x00000000a1500000, 0x00000000a1600000, 0x00000000a1600000|100%|HS|  |TAMS 0x00000000a1600000, 0x00000000a1600000| Complete 
|   2|0x00000000a1600000, 0x00000000a1700000, 0x00000000a1700000|100%| O|  |TAMS 0x00000000a1700000, 0x00000000a1700000| Untracked 
|   3|0x00000000a1700000, 0x00000000a1800000, 0x00000000a1800000|100%| O|  |TAMS 0x00000000a1800000, 0x00000000a1800000| Untracked 
|   4|0x00000000a1800000, 0x00000000a1900000, 0x00000000a1900000|100%| O|  |TAMS 0x00000000a1800000, 0x00000000a1900000| Untracked 
|   5|0x00000000a1900000, 0x00000000a1a00000, 0x00000000a1a00000|100%|HS|  |TAMS 0x00000000a1a00000, 0x00000000a1a00000| Complete 
|   6|0x00000000a1a00000, 0x00000000a1b00000, 0x00000000a1b00000|100%| O|  |TAMS 0x00000000a1b00000, 0x00000000a1b00000| Untracked 
|   7|0x00000000a1b00000, 0x00000000a1c00000, 0x00000000a1c00000|100%| O|  |TAMS 0x00000000a1c00000, 0x00000000a1c00000| Untracked 
|   8|0x00000000a1c00000, 0x00000000a1c00000, 0x00000000a1d00000|  0%| F|  |TAMS 0x00000000a1c00000, 0x00000000a1c00000| Untracked 
|   9|0x00000000a1d00000, 0x00000000a1e00000, 0x00000000a1e00000|100%| O|  |TAMS 0x00000000a1e00000, 0x00000000a1e00000| Untracked 
|  10|0x00000000a1e00000, 0x00000000a1f00000, 0x00000000a1f00000|100%| O|  |TAMS 0x00000000a1f00000, 0x00000000a1f00000| Untracked 
|  11|0x00000000a1f00000, 0x00000000a2000000, 0x00000000a2000000|100%| O|  |TAMS 0x00000000a1f00000, 0x00000000a2000000| Untracked 
|  12|0x00000000a2000000, 0x00000000a2100000, 0x00000000a2100000|100%| O|  |TAMS 0x00000000a2000000, 0x00000000a2100000| Untracked 
|  13|0x00000000a2100000, 0x00000000a2200000, 0x00000000a2200000|100%| O|  |TAMS 0x00000000a2100000, 0x00000000a2200000| Untracked 
|  14|0x00000000a2200000, 0x00000000a2300000, 0x00000000a2300000|100%| O|  |TAMS 0x00000000a2200000, 0x00000000a2300000| Untracked 
|  15|0x00000000a2300000, 0x00000000a2400000, 0x00000000a2400000|100%| O|  |TAMS 0x00000000a2300000, 0x00000000a2400000| Untracked 
|  16|0x00000000a2400000, 0x00000000a2500000, 0x00000000a2500000|100%| O|  |TAMS 0x00000000a2500000, 0x00000000a2500000| Untracked 
|  17|0x00000000a2500000, 0x00000000a2600000, 0x00000000a2600000|100%| O|  |TAMS 0x00000000a2600000, 0x00000000a2600000| Untracked 
|  18|0x00000000a2600000, 0x00000000a2600000, 0x00000000a2700000|  0%| F|  |TAMS 0x00000000a2600000, 0x00000000a2600000| Untracked 
|  19|0x00000000a2700000, 0x00000000a2800000, 0x00000000a2800000|100%| O|  |TAMS 0x00000000a2700000, 0x00000000a2800000| Untracked 
|  20|0x00000000a2800000, 0x00000000a2900000, 0x00000000a2900000|100%| O|  |TAMS 0x00000000a2800000, 0x00000000a2900000| Untracked 
|  21|0x00000000a2900000, 0x00000000a2a00000, 0x00000000a2a00000|100%| O|  |TAMS 0x00000000a2900000, 0x00000000a2a00000| Untracked 
|  22|0x00000000a2a00000, 0x00000000a2b00000, 0x00000000a2b00000|100%| O|  |TAMS 0x00000000a2a00000, 0x00000000a2b00000| Untracked 
|  23|0x00000000a2b00000, 0x00000000a2c00000, 0x00000000a2c00000|100%| O|  |TAMS 0x00000000a2b00000, 0x00000000a2c00000| Untracked 
|  24|0x00000000a2c00000, 0x00000000a2d00000, 0x00000000a2d00000|100%| O|  |TAMS 0x00000000a2c00000, 0x00000000a2d00000| Untracked 
|  25|0x00000000a2d00000, 0x00000000a2e00000, 0x00000000a2e00000|100%| O|  |TAMS 0x00000000a2d00000, 0x00000000a2e00000| Untracked 
|  26|0x00000000a2e00000, 0x00000000a2f00000, 0x00000000a2f00000|100%| O|  |TAMS 0x00000000a2e00000, 0x00000000a2f00000| Untracked 
|  27|0x00000000a2f00000, 0x00000000a3000000, 0x00000000a3000000|100%| O|  |TAMS 0x00000000a3000000, 0x00000000a3000000| Untracked 
|  28|0x00000000a3000000, 0x00000000a3100000, 0x00000000a3100000|100%| O|  |TAMS 0x00000000a3100000, 0x00000000a3100000| Untracked 
|  29|0x00000000a3100000, 0x00000000a3200000, 0x00000000a3200000|100%| O|  |TAMS 0x00000000a3100000, 0x00000000a3200000| Untracked 
|  30|0x00000000a3200000, 0x00000000a3300000, 0x00000000a3300000|100%| O|  |TAMS 0x00000000a3300000, 0x00000000a3300000| Untracked 
|  31|0x00000000a3300000, 0x00000000a3400000, 0x00000000a3400000|100%| O|  |TAMS 0x00000000a3300000, 0x00000000a3400000| Untracked 
|  32|0x00000000a3400000, 0x00000000a3400000, 0x00000000a3500000|  0%| F|  |TAMS 0x00000000a3400000, 0x00000000a3400000| Untracked 
|  33|0x00000000a3500000, 0x00000000a3600000, 0x00000000a3600000|100%| O|  |TAMS 0x00000000a3500000, 0x00000000a3600000| Untracked 
|  34|0x00000000a3600000, 0x00000000a3700000, 0x00000000a3700000|100%| O|  |TAMS 0x00000000a3700000, 0x00000000a3700000| Untracked 
|  35|0x00000000a3700000, 0x00000000a3700000, 0x00000000a3800000|  0%| F|  |TAMS 0x00000000a3700000, 0x00000000a3700000| Untracked 
|  36|0x00000000a3800000, 0x00000000a3800000, 0x00000000a3900000|  0%| F|  |TAMS 0x00000000a3800000, 0x00000000a3800000| Untracked 
|  37|0x00000000a3900000, 0x00000000a3900000, 0x00000000a3a00000|  0%| F|  |TAMS 0x00000000a3900000, 0x00000000a3900000| Untracked 
|  38|0x00000000a3a00000, 0x00000000a3b00000, 0x00000000a3b00000|100%| O|  |TAMS 0x00000000a3b00000, 0x00000000a3b00000| Untracked 
|  39|0x00000000a3b00000, 0x00000000a3b00000, 0x00000000a3c00000|  0%| F|  |TAMS 0x00000000a3b00000, 0x00000000a3b00000| Untracked 
|  40|0x00000000a3c00000, 0x00000000a3c00000, 0x00000000a3d00000|  0%| F|  |TAMS 0x00000000a3c00000, 0x00000000a3c00000| Untracked 
|  41|0x00000000a3d00000, 0x00000000a3d00000, 0x00000000a3e00000|  0%| F|  |TAMS 0x00000000a3d00000, 0x00000000a3d00000| Untracked 
|  42|0x00000000a3e00000, 0x00000000a3e00000, 0x00000000a3f00000|  0%| F|  |TAMS 0x00000000a3e00000, 0x00000000a3e00000| Untracked 
|  43|0x00000000a3f00000, 0x00000000a4000000, 0x00000000a4000000|100%| O|  |TAMS 0x00000000a3f00000, 0x00000000a4000000| Untracked 
|  44|0x00000000a4000000, 0x00000000a4000000, 0x00000000a4100000|  0%| F|  |TAMS 0x00000000a4000000, 0x00000000a4000000| Untracked 
|  45|0x00000000a4100000, 0x00000000a4200000, 0x00000000a4200000|100%| O|  |TAMS 0x00000000a4100000, 0x00000000a4200000| Untracked 
|  46|0x00000000a4200000, 0x00000000a4200000, 0x00000000a4300000|  0%| F|  |TAMS 0x00000000a4200000, 0x00000000a4200000| Untracked 
|  47|0x00000000a4300000, 0x00000000a4300000, 0x00000000a4400000|  0%| F|  |TAMS 0x00000000a4300000, 0x00000000a4300000| Untracked 
|  48|0x00000000a4400000, 0x00000000a4400000, 0x00000000a4500000|  0%| F|  |TAMS 0x00000000a4400000, 0x00000000a4400000| Untracked 
|  49|0x00000000a4500000, 0x00000000a4500000, 0x00000000a4600000|  0%| F|  |TAMS 0x00000000a4500000, 0x00000000a4500000| Untracked 
|  50|0x00000000a4600000, 0x00000000a4600000, 0x00000000a4700000|  0%| F|  |TAMS 0x00000000a4600000, 0x00000000a4600000| Untracked 
|  51|0x00000000a4700000, 0x00000000a4700000, 0x00000000a4800000|  0%| F|  |TAMS 0x00000000a4700000, 0x00000000a4700000| Untracked 
|  52|0x00000000a4800000, 0x00000000a4800000, 0x00000000a4900000|  0%| F|  |TAMS 0x00000000a4800000, 0x00000000a4800000| Untracked 
|  53|0x00000000a4900000, 0x00000000a4900000, 0x00000000a4a00000|  0%| F|  |TAMS 0x00000000a4900000, 0x00000000a4900000| Untracked 
|  54|0x00000000a4a00000, 0x00000000a4a00000, 0x00000000a4b00000|  0%| F|  |TAMS 0x00000000a4a00000, 0x00000000a4a00000| Untracked 
|  55|0x00000000a4b00000, 0x00000000a4b00000, 0x00000000a4c00000|  0%| F|  |TAMS 0x00000000a4b00000, 0x00000000a4b00000| Untracked 
|  56|0x00000000a4c00000, 0x00000000a4c00000, 0x00000000a4d00000|  0%| F|  |TAMS 0x00000000a4c00000, 0x00000000a4c00000| Untracked 
|  57|0x00000000a4d00000, 0x00000000a4d00000, 0x00000000a4e00000|  0%| F|  |TAMS 0x00000000a4d00000, 0x00000000a4d00000| Untracked 
|  58|0x00000000a4e00000, 0x00000000a4e00000, 0x00000000a4f00000|  0%| F|  |TAMS 0x00000000a4e00000, 0x00000000a4e00000| Untracked 
|  59|0x00000000a4f00000, 0x00000000a4f00000, 0x00000000a5000000|  0%| F|  |TAMS 0x00000000a4f00000, 0x00000000a4f00000| Untracked 
|  60|0x00000000a5000000, 0x00000000a5000000, 0x00000000a5100000|  0%| F|  |TAMS 0x00000000a5000000, 0x00000000a5000000| Untracked 
|  61|0x00000000a5100000, 0x00000000a51c7610, 0x00000000a5200000| 77%| S|CS|TAMS 0x00000000a5100000, 0x00000000a5100000| Complete 
|  62|0x00000000a5200000, 0x00000000a5300000, 0x00000000a5300000|100%| S|CS|TAMS 0x00000000a5200000, 0x00000000a5200000| Complete 
|  63|0x00000000a5300000, 0x00000000a5400000, 0x00000000a5400000|100%| S|CS|TAMS 0x00000000a5300000, 0x00000000a5300000| Complete 
|  64|0x00000000a5400000, 0x00000000a5500000, 0x00000000a5500000|100%| S|CS|TAMS 0x00000000a5400000, 0x00000000a5400000| Complete 
|  65|0x00000000a5500000, 0x00000000a5600000, 0x00000000a5600000|100%| S|CS|TAMS 0x00000000a5500000, 0x00000000a5500000| Complete 
|  66|0x00000000a5600000, 0x00000000a5700000, 0x00000000a5700000|100%| S|CS|TAMS 0x00000000a5600000, 0x00000000a5600000| Complete 
|  67|0x00000000a5700000, 0x00000000a5700000, 0x00000000a5800000|  0%| F|  |TAMS 0x00000000a5700000, 0x00000000a5700000| Untracked 
|  68|0x00000000a5800000, 0x00000000a5800000, 0x00000000a5900000|  0%| F|  |TAMS 0x00000000a5800000, 0x00000000a5800000| Untracked 
|  69|0x00000000a5900000, 0x00000000a5900000, 0x00000000a5a00000|  0%| F|  |TAMS 0x00000000a5900000, 0x00000000a5900000| Untracked 
|  70|0x00000000a5a00000, 0x00000000a5a00000, 0x00000000a5b00000|  0%| F|  |TAMS 0x00000000a5a00000, 0x00000000a5a00000| Untracked 
|  71|0x00000000a5b00000, 0x00000000a5b00000, 0x00000000a5c00000|  0%| F|  |TAMS 0x00000000a5b00000, 0x00000000a5b00000| Untracked 
|  72|0x00000000a5c00000, 0x00000000a5c00000, 0x00000000a5d00000|  0%| F|  |TAMS 0x00000000a5c00000, 0x00000000a5c00000| Untracked 
|  73|0x00000000a5d00000, 0x00000000a5d00000, 0x00000000a5e00000|  0%| F|  |TAMS 0x00000000a5d00000, 0x00000000a5d00000| Untracked 
|  74|0x00000000a5e00000, 0x00000000a5e00000, 0x00000000a5f00000|  0%| F|  |TAMS 0x00000000a5e00000, 0x00000000a5e00000| Untracked 
|  75|0x00000000a5f00000, 0x00000000a5f00000, 0x00000000a6000000|  0%| F|  |TAMS 0x00000000a5f00000, 0x00000000a5f00000| Untracked 
|  76|0x00000000a6000000, 0x00000000a6000000, 0x00000000a6100000|  0%| F|  |TAMS 0x00000000a6000000, 0x00000000a6000000| Untracked 
|  77|0x00000000a6100000, 0x00000000a6100000, 0x00000000a6200000|  0%| F|  |TAMS 0x00000000a6100000, 0x00000000a6100000| Untracked 
|  78|0x00000000a6200000, 0x00000000a6200000, 0x00000000a6300000|  0%| F|  |TAMS 0x00000000a6200000, 0x00000000a6200000| Untracked 
|  79|0x00000000a6300000, 0x00000000a6300000, 0x00000000a6400000|  0%| F|  |TAMS 0x00000000a6300000, 0x00000000a6300000| Untracked 
|  80|0x00000000a6400000, 0x00000000a6400000, 0x00000000a6500000|  0%| F|  |TAMS 0x00000000a6400000, 0x00000000a6400000| Untracked 
|  81|0x00000000a6500000, 0x00000000a6500000, 0x00000000a6600000|  0%| F|  |TAMS 0x00000000a6500000, 0x00000000a6500000| Untracked 
|  82|0x00000000a6600000, 0x00000000a6600000, 0x00000000a6700000|  0%| F|  |TAMS 0x00000000a6600000, 0x00000000a6600000| Untracked 
|  83|0x00000000a6700000, 0x00000000a6700000, 0x00000000a6800000|  0%| F|  |TAMS 0x00000000a6700000, 0x00000000a6700000| Untracked 
|  84|0x00000000a6800000, 0x00000000a6800000, 0x00000000a6900000|  0%| F|  |TAMS 0x00000000a6800000, 0x00000000a6800000| Untracked 
|  85|0x00000000a6900000, 0x00000000a6900000, 0x00000000a6a00000|  0%| F|  |TAMS 0x00000000a6900000, 0x00000000a6900000| Untracked 
|  86|0x00000000a6a00000, 0x00000000a6a00000, 0x00000000a6b00000|  0%| F|  |TAMS 0x00000000a6a00000, 0x00000000a6a00000| Untracked 
|  87|0x00000000a6b00000, 0x00000000a6b00000, 0x00000000a6c00000|  0%| F|  |TAMS 0x00000000a6b00000, 0x00000000a6b00000| Untracked 
|  88|0x00000000a6c00000, 0x00000000a6c00000, 0x00000000a6d00000|  0%| F|  |TAMS 0x00000000a6c00000, 0x00000000a6c00000| Untracked 
|  89|0x00000000a6d00000, 0x00000000a6d00000, 0x00000000a6e00000|  0%| F|  |TAMS 0x00000000a6d00000, 0x00000000a6d00000| Untracked 
|  90|0x00000000a6e00000, 0x00000000a6e00000, 0x00000000a6f00000|  0%| F|  |TAMS 0x00000000a6e00000, 0x00000000a6e00000| Untracked 
|  91|0x00000000a6f00000, 0x00000000a6f00000, 0x00000000a7000000|  0%| F|  |TAMS 0x00000000a6f00000, 0x00000000a6f00000| Untracked 
|  92|0x00000000a7000000, 0x00000000a7000000, 0x00000000a7100000|  0%| F|  |TAMS 0x00000000a7000000, 0x00000000a7000000| Untracked 
|  93|0x00000000a7100000, 0x00000000a7100000, 0x00000000a7200000|  0%| F|  |TAMS 0x00000000a7100000, 0x00000000a7100000| Untracked 
|  94|0x00000000a7200000, 0x00000000a7200000, 0x00000000a7300000|  0%| F|  |TAMS 0x00000000a7200000, 0x00000000a7200000| Untracked 
|  95|0x00000000a7300000, 0x00000000a7300000, 0x00000000a7400000|  0%| F|  |TAMS 0x00000000a7300000, 0x00000000a7300000| Untracked 
|  96|0x00000000a7400000, 0x00000000a7400000, 0x00000000a7500000|  0%| F|  |TAMS 0x00000000a7400000, 0x00000000a7400000| Untracked 
|  97|0x00000000a7500000, 0x00000000a7500000, 0x00000000a7600000|  0%| F|  |TAMS 0x00000000a7500000, 0x00000000a7500000| Untracked 
|  98|0x00000000a7600000, 0x00000000a7600000, 0x00000000a7700000|  0%| F|  |TAMS 0x00000000a7600000, 0x00000000a7600000| Untracked 
|  99|0x00000000a7700000, 0x00000000a7700000, 0x00000000a7800000|  0%| F|  |TAMS 0x00000000a7700000, 0x00000000a7700000| Untracked 
| 100|0x00000000a7800000, 0x00000000a7800000, 0x00000000a7900000|  0%| F|  |TAMS 0x00000000a7800000, 0x00000000a7800000| Untracked 
| 101|0x00000000a7900000, 0x00000000a7900000, 0x00000000a7a00000|  0%| F|  |TAMS 0x00000000a7900000, 0x00000000a7900000| Untracked 
| 102|0x00000000a7a00000, 0x00000000a7a00000, 0x00000000a7b00000|  0%| F|  |TAMS 0x00000000a7a00000, 0x00000000a7a00000| Untracked 
| 103|0x00000000a7b00000, 0x00000000a7b00000, 0x00000000a7c00000|  0%| F|  |TAMS 0x00000000a7b00000, 0x00000000a7b00000| Untracked 
| 104|0x00000000a7c00000, 0x00000000a7c00000, 0x00000000a7d00000|  0%| F|  |TAMS 0x00000000a7c00000, 0x00000000a7c00000| Untracked 
| 105|0x00000000a7d00000, 0x00000000a7d00000, 0x00000000a7e00000|  0%| F|  |TAMS 0x00000000a7d00000, 0x00000000a7d00000| Untracked 
| 106|0x00000000a7e00000, 0x00000000a7e00000, 0x00000000a7f00000|  0%| F|  |TAMS 0x00000000a7e00000, 0x00000000a7e00000| Untracked 
| 107|0x00000000a7f00000, 0x00000000a7f00000, 0x00000000a8000000|  0%| F|  |TAMS 0x00000000a7f00000, 0x00000000a7f00000| Untracked 
| 108|0x00000000a8000000, 0x00000000a8000000, 0x00000000a8100000|  0%| F|  |TAMS 0x00000000a8000000, 0x00000000a8000000| Untracked 
| 109|0x00000000a8100000, 0x00000000a8100000, 0x00000000a8200000|  0%| F|  |TAMS 0x00000000a8100000, 0x00000000a8100000| Untracked 
| 110|0x00000000a8200000, 0x00000000a8200000, 0x00000000a8300000|  0%| F|  |TAMS 0x00000000a8200000, 0x00000000a8200000| Untracked 
| 111|0x00000000a8300000, 0x00000000a8300000, 0x00000000a8400000|  0%| F|  |TAMS 0x00000000a8300000, 0x00000000a8300000| Untracked 
| 112|0x00000000a8400000, 0x00000000a8400000, 0x00000000a8500000|  0%| F|  |TAMS 0x00000000a8400000, 0x00000000a8400000| Untracked 
| 113|0x00000000a8500000, 0x00000000a8500000, 0x00000000a8600000|  0%| F|  |TAMS 0x00000000a8500000, 0x00000000a8500000| Untracked 
| 114|0x00000000a8600000, 0x00000000a8600000, 0x00000000a8700000|  0%| F|  |TAMS 0x00000000a8600000, 0x00000000a8600000| Untracked 
| 115|0x00000000a8700000, 0x00000000a8700000, 0x00000000a8800000|  0%| F|  |TAMS 0x00000000a8700000, 0x00000000a8700000| Untracked 
| 116|0x00000000a8800000, 0x00000000a8800000, 0x00000000a8900000|  0%| F|  |TAMS 0x00000000a8800000, 0x00000000a8800000| Untracked 
| 117|0x00000000a8900000, 0x00000000a8900000, 0x00000000a8a00000|  0%| F|  |TAMS 0x00000000a8900000, 0x00000000a8900000| Untracked 
| 118|0x00000000a8a00000, 0x00000000a8a00000, 0x00000000a8b00000|  0%| F|  |TAMS 0x00000000a8a00000, 0x00000000a8a00000| Untracked 
| 119|0x00000000a8b00000, 0x00000000a8b00000, 0x00000000a8c00000|  0%| F|  |TAMS 0x00000000a8b00000, 0x00000000a8b00000| Untracked 
| 120|0x00000000a8c00000, 0x00000000a8c00000, 0x00000000a8d00000|  0%| F|  |TAMS 0x00000000a8c00000, 0x00000000a8c00000| Untracked 
| 121|0x00000000a8d00000, 0x00000000a8d00000, 0x00000000a8e00000|  0%| F|  |TAMS 0x00000000a8d00000, 0x00000000a8d00000| Untracked 
| 122|0x00000000a8e00000, 0x00000000a8e00000, 0x00000000a8f00000|  0%| F|  |TAMS 0x00000000a8e00000, 0x00000000a8e00000| Untracked 
| 123|0x00000000a8f00000, 0x00000000a8f00000, 0x00000000a9000000|  0%| F|  |TAMS 0x00000000a8f00000, 0x00000000a8f00000| Untracked 
| 124|0x00000000a9000000, 0x00000000a9000000, 0x00000000a9100000|  0%| F|  |TAMS 0x00000000a9000000, 0x00000000a9000000| Untracked 
| 125|0x00000000a9100000, 0x00000000a9100000, 0x00000000a9200000|  0%| F|  |TAMS 0x00000000a9100000, 0x00000000a9100000| Untracked 
| 126|0x00000000a9200000, 0x00000000a9200000, 0x00000000a9300000|  0%| F|  |TAMS 0x00000000a9200000, 0x00000000a9200000| Untracked 
| 127|0x00000000a9300000, 0x00000000a9300000, 0x00000000a9400000|  0%| F|  |TAMS 0x00000000a9300000, 0x00000000a9300000| Untracked 
| 128|0x00000000a9400000, 0x00000000a9400000, 0x00000000a9500000|  0%| F|  |TAMS 0x00000000a9400000, 0x00000000a9400000| Untracked 
| 129|0x00000000a9500000, 0x00000000a9500000, 0x00000000a9600000|  0%| F|  |TAMS 0x00000000a9500000, 0x00000000a9500000| Untracked 
| 130|0x00000000a9600000, 0x00000000a9600000, 0x00000000a9700000|  0%| F|  |TAMS 0x00000000a9600000, 0x00000000a9600000| Untracked 
| 131|0x00000000a9700000, 0x00000000a9700000, 0x00000000a9800000|  0%| F|  |TAMS 0x00000000a9700000, 0x00000000a9700000| Untracked 
| 132|0x00000000a9800000, 0x00000000a9800000, 0x00000000a9900000|  0%| F|  |TAMS 0x00000000a9800000, 0x00000000a9800000| Untracked 
| 133|0x00000000a9900000, 0x00000000a9900000, 0x00000000a9a00000|  0%| F|  |TAMS 0x00000000a9900000, 0x00000000a9900000| Untracked 
| 134|0x00000000a9a00000, 0x00000000a9a00000, 0x00000000a9b00000|  0%| F|  |TAMS 0x00000000a9a00000, 0x00000000a9a00000| Untracked 
| 135|0x00000000a9b00000, 0x00000000a9b00000, 0x00000000a9c00000|  0%| F|  |TAMS 0x00000000a9b00000, 0x00000000a9b00000| Untracked 
| 136|0x00000000a9c00000, 0x00000000a9c00000, 0x00000000a9d00000|  0%| F|  |TAMS 0x00000000a9c00000, 0x00000000a9c00000| Untracked 
| 137|0x00000000a9d00000, 0x00000000a9d00000, 0x00000000a9e00000|  0%| F|  |TAMS 0x00000000a9d00000, 0x00000000a9d00000| Untracked 
| 138|0x00000000a9e00000, 0x00000000a9e00000, 0x00000000a9f00000|  0%| F|  |TAMS 0x00000000a9e00000, 0x00000000a9e00000| Untracked 
| 139|0x00000000a9f00000, 0x00000000a9f00000, 0x00000000aa000000|  0%| F|  |TAMS 0x00000000a9f00000, 0x00000000a9f00000| Untracked 
| 140|0x00000000aa000000, 0x00000000aa000000, 0x00000000aa100000|  0%| F|  |TAMS 0x00000000aa000000, 0x00000000aa000000| Untracked 
| 141|0x00000000aa100000, 0x00000000aa100000, 0x00000000aa200000|  0%| F|  |TAMS 0x00000000aa100000, 0x00000000aa100000| Untracked 
| 142|0x00000000aa200000, 0x00000000aa200000, 0x00000000aa300000|  0%| F|  |TAMS 0x00000000aa200000, 0x00000000aa200000| Untracked 
| 143|0x00000000aa300000, 0x00000000aa300000, 0x00000000aa400000|  0%| F|  |TAMS 0x00000000aa300000, 0x00000000aa300000| Untracked 
| 144|0x00000000aa400000, 0x00000000aa400000, 0x00000000aa500000|  0%| F|  |TAMS 0x00000000aa400000, 0x00000000aa400000| Untracked 
| 145|0x00000000aa500000, 0x00000000aa500000, 0x00000000aa600000|  0%| F|  |TAMS 0x00000000aa500000, 0x00000000aa500000| Untracked 
| 146|0x00000000aa600000, 0x00000000aa600000, 0x00000000aa700000|  0%| F|  |TAMS 0x00000000aa600000, 0x00000000aa600000| Untracked 
| 147|0x00000000aa700000, 0x00000000aa700000, 0x00000000aa800000|  0%| F|  |TAMS 0x00000000aa700000, 0x00000000aa700000| Untracked 
| 148|0x00000000aa800000, 0x00000000aa800000, 0x00000000aa900000|  0%| F|  |TAMS 0x00000000aa800000, 0x00000000aa800000| Untracked 
| 149|0x00000000aa900000, 0x00000000aa900000, 0x00000000aaa00000|  0%| F|  |TAMS 0x00000000aa900000, 0x00000000aa900000| Untracked 
| 150|0x00000000aaa00000, 0x00000000aaa00000, 0x00000000aab00000|  0%| F|  |TAMS 0x00000000aaa00000, 0x00000000aaa00000| Untracked 
| 151|0x00000000aab00000, 0x00000000aab00000, 0x00000000aac00000|  0%| F|  |TAMS 0x00000000aab00000, 0x00000000aab00000| Untracked 
| 152|0x00000000aac00000, 0x00000000aac00000, 0x00000000aad00000|  0%| F|  |TAMS 0x00000000aac00000, 0x00000000aac00000| Untracked 
| 153|0x00000000aad00000, 0x00000000aad00000, 0x00000000aae00000|  0%| F|  |TAMS 0x00000000aad00000, 0x00000000aad00000| Untracked 
| 154|0x00000000aae00000, 0x00000000aae00000, 0x00000000aaf00000|  0%| F|  |TAMS 0x00000000aae00000, 0x00000000aae00000| Untracked 
| 155|0x00000000aaf00000, 0x00000000aaf00000, 0x00000000ab000000|  0%| F|  |TAMS 0x00000000aaf00000, 0x00000000aaf00000| Untracked 
| 156|0x00000000ab000000, 0x00000000ab000000, 0x00000000ab100000|  0%| F|  |TAMS 0x00000000ab000000, 0x00000000ab000000| Untracked 
| 157|0x00000000ab100000, 0x00000000ab100000, 0x00000000ab200000|  0%| F|  |TAMS 0x00000000ab100000, 0x00000000ab100000| Untracked 
| 158|0x00000000ab200000, 0x00000000ab200000, 0x00000000ab300000|  0%| F|  |TAMS 0x00000000ab200000, 0x00000000ab200000| Untracked 
| 159|0x00000000ab300000, 0x00000000ab300000, 0x00000000ab400000|  0%| F|  |TAMS 0x00000000ab300000, 0x00000000ab300000| Untracked 
| 160|0x00000000ab400000, 0x00000000ab400000, 0x00000000ab500000|  0%| F|  |TAMS 0x00000000ab400000, 0x00000000ab400000| Untracked 
| 161|0x00000000ab500000, 0x00000000ab500000, 0x00000000ab600000|  0%| F|  |TAMS 0x00000000ab500000, 0x00000000ab500000| Untracked 
| 162|0x00000000ab600000, 0x00000000ab600000, 0x00000000ab700000|  0%| F|  |TAMS 0x00000000ab600000, 0x00000000ab600000| Untracked 
| 163|0x00000000ab700000, 0x00000000ab700000, 0x00000000ab800000|  0%| F|  |TAMS 0x00000000ab700000, 0x00000000ab700000| Untracked 
| 164|0x00000000ab800000, 0x00000000ab800000, 0x00000000ab900000|  0%| F|  |TAMS 0x00000000ab800000, 0x00000000ab800000| Untracked 
| 165|0x00000000ab900000, 0x00000000ab900000, 0x00000000aba00000|  0%| F|  |TAMS 0x00000000ab900000, 0x00000000ab900000| Untracked 
| 166|0x00000000aba00000, 0x00000000aba00000, 0x00000000abb00000|  0%| F|  |TAMS 0x00000000aba00000, 0x00000000aba00000| Untracked 
| 167|0x00000000abb00000, 0x00000000abb00000, 0x00000000abc00000|  0%| F|  |TAMS 0x00000000abb00000, 0x00000000abb00000| Untracked 
| 168|0x00000000abc00000, 0x00000000abc00000, 0x00000000abd00000|  0%| F|  |TAMS 0x00000000abc00000, 0x00000000abc00000| Untracked 
| 169|0x00000000abd00000, 0x00000000abd00000, 0x00000000abe00000|  0%| F|  |TAMS 0x00000000abd00000, 0x00000000abd00000| Untracked 
| 170|0x00000000abe00000, 0x00000000abe00000, 0x00000000abf00000|  0%| F|  |TAMS 0x00000000abe00000, 0x00000000abe00000| Untracked 
| 171|0x00000000abf00000, 0x00000000abf00000, 0x00000000ac000000|  0%| F|  |TAMS 0x00000000abf00000, 0x00000000abf00000| Untracked 
| 172|0x00000000ac000000, 0x00000000ac000000, 0x00000000ac100000|  0%| F|  |TAMS 0x00000000ac000000, 0x00000000ac000000| Untracked 
| 173|0x00000000ac100000, 0x00000000ac100000, 0x00000000ac200000|  0%| F|  |TAMS 0x00000000ac100000, 0x00000000ac100000| Untracked 
| 174|0x00000000ac200000, 0x00000000ac200000, 0x00000000ac300000|  0%| F|  |TAMS 0x00000000ac200000, 0x00000000ac200000| Untracked 
| 175|0x00000000ac300000, 0x00000000ac300000, 0x00000000ac400000|  0%| F|  |TAMS 0x00000000ac300000, 0x00000000ac300000| Untracked 
| 176|0x00000000ac400000, 0x00000000ac400000, 0x00000000ac500000|  0%| F|  |TAMS 0x00000000ac400000, 0x00000000ac400000| Untracked 
| 177|0x00000000ac500000, 0x00000000ac500000, 0x00000000ac600000|  0%| F|  |TAMS 0x00000000ac500000, 0x00000000ac500000| Untracked 
| 178|0x00000000ac600000, 0x00000000ac600000, 0x00000000ac700000|  0%| F|  |TAMS 0x00000000ac600000, 0x00000000ac600000| Untracked 
| 179|0x00000000ac700000, 0x00000000ac700000, 0x00000000ac800000|  0%| F|  |TAMS 0x00000000ac700000, 0x00000000ac700000| Untracked 
| 180|0x00000000ac800000, 0x00000000ac800000, 0x00000000ac900000|  0%| F|  |TAMS 0x00000000ac800000, 0x00000000ac800000| Untracked 
| 181|0x00000000ac900000, 0x00000000ac900000, 0x00000000aca00000|  0%| F|  |TAMS 0x00000000ac900000, 0x00000000ac900000| Untracked 
| 182|0x00000000aca00000, 0x00000000aca00000, 0x00000000acb00000|  0%| F|  |TAMS 0x00000000aca00000, 0x00000000aca00000| Untracked 
| 183|0x00000000acb00000, 0x00000000acb00000, 0x00000000acc00000|  0%| F|  |TAMS 0x00000000acb00000, 0x00000000acb00000| Untracked 
| 184|0x00000000acc00000, 0x00000000acc00000, 0x00000000acd00000|  0%| F|  |TAMS 0x00000000acc00000, 0x00000000acc00000| Untracked 
| 185|0x00000000acd00000, 0x00000000acd00000, 0x00000000ace00000|  0%| F|  |TAMS 0x00000000acd00000, 0x00000000acd00000| Untracked 
| 186|0x00000000ace00000, 0x00000000ace00000, 0x00000000acf00000|  0%| F|  |TAMS 0x00000000ace00000, 0x00000000ace00000| Untracked 
| 187|0x00000000acf00000, 0x00000000acf00000, 0x00000000ad000000|  0%| F|  |TAMS 0x00000000acf00000, 0x00000000acf00000| Untracked 
| 188|0x00000000ad000000, 0x00000000ad000000, 0x00000000ad100000|  0%| F|  |TAMS 0x00000000ad000000, 0x00000000ad000000| Untracked 
| 189|0x00000000ad100000, 0x00000000ad100000, 0x00000000ad200000|  0%| F|  |TAMS 0x00000000ad100000, 0x00000000ad100000| Untracked 
| 190|0x00000000ad200000, 0x00000000ad200000, 0x00000000ad300000|  0%| F|  |TAMS 0x00000000ad200000, 0x00000000ad200000| Untracked 
| 191|0x00000000ad300000, 0x00000000ad300000, 0x00000000ad400000|  0%| F|  |TAMS 0x00000000ad300000, 0x00000000ad300000| Untracked 
| 192|0x00000000ad400000, 0x00000000ad400000, 0x00000000ad500000|  0%| F|  |TAMS 0x00000000ad400000, 0x00000000ad400000| Untracked 
| 193|0x00000000ad500000, 0x00000000ad500000, 0x00000000ad600000|  0%| F|  |TAMS 0x00000000ad500000, 0x00000000ad500000| Untracked 
| 194|0x00000000ad600000, 0x00000000ad600000, 0x00000000ad700000|  0%| F|  |TAMS 0x00000000ad600000, 0x00000000ad600000| Untracked 
| 195|0x00000000ad700000, 0x00000000ad700000, 0x00000000ad800000|  0%| F|  |TAMS 0x00000000ad700000, 0x00000000ad700000| Untracked 
| 196|0x00000000ad800000, 0x00000000ad800000, 0x00000000ad900000|  0%| F|  |TAMS 0x00000000ad800000, 0x00000000ad800000| Untracked 
| 197|0x00000000ad900000, 0x00000000ad900000, 0x00000000ada00000|  0%| F|  |TAMS 0x00000000ad900000, 0x00000000ad900000| Untracked 
| 198|0x00000000ada00000, 0x00000000ada00000, 0x00000000adb00000|  0%| F|  |TAMS 0x00000000ada00000, 0x00000000ada00000| Untracked 
| 199|0x00000000adb00000, 0x00000000adb00000, 0x00000000adc00000|  0%| F|  |TAMS 0x00000000adb00000, 0x00000000adb00000| Untracked 
| 200|0x00000000adc00000, 0x00000000adc00000, 0x00000000add00000|  0%| F|  |TAMS 0x00000000adc00000, 0x00000000adc00000| Untracked 
| 201|0x00000000add00000, 0x00000000add00000, 0x00000000ade00000|  0%| F|  |TAMS 0x00000000add00000, 0x00000000add00000| Untracked 
| 202|0x00000000ade00000, 0x00000000ade00000, 0x00000000adf00000|  0%| F|  |TAMS 0x00000000ade00000, 0x00000000ade00000| Untracked 
| 203|0x00000000adf00000, 0x00000000adf00000, 0x00000000ae000000|  0%| F|  |TAMS 0x00000000adf00000, 0x00000000adf00000| Untracked 
| 204|0x00000000ae000000, 0x00000000ae000000, 0x00000000ae100000|  0%| F|  |TAMS 0x00000000ae000000, 0x00000000ae000000| Untracked 
| 205|0x00000000ae100000, 0x00000000ae100000, 0x00000000ae200000|  0%| F|  |TAMS 0x00000000ae100000, 0x00000000ae100000| Untracked 
| 206|0x00000000ae200000, 0x00000000ae200000, 0x00000000ae300000|  0%| F|  |TAMS 0x00000000ae200000, 0x00000000ae200000| Untracked 
| 207|0x00000000ae300000, 0x00000000ae300000, 0x00000000ae400000|  0%| F|  |TAMS 0x00000000ae300000, 0x00000000ae300000| Untracked 
| 208|0x00000000ae400000, 0x00000000ae400000, 0x00000000ae500000|  0%| F|  |TAMS 0x00000000ae400000, 0x00000000ae400000| Untracked 
| 209|0x00000000ae500000, 0x00000000ae500000, 0x00000000ae600000|  0%| F|  |TAMS 0x00000000ae500000, 0x00000000ae500000| Untracked 
| 210|0x00000000ae600000, 0x00000000ae600000, 0x00000000ae700000|  0%| F|  |TAMS 0x00000000ae600000, 0x00000000ae600000| Untracked 
| 211|0x00000000ae700000, 0x00000000ae700000, 0x00000000ae800000|  0%| F|  |TAMS 0x00000000ae700000, 0x00000000ae700000| Untracked 
| 212|0x00000000ae800000, 0x00000000ae800000, 0x00000000ae900000|  0%| F|  |TAMS 0x00000000ae800000, 0x00000000ae800000| Untracked 
| 213|0x00000000ae900000, 0x00000000ae900000, 0x00000000aea00000|  0%| F|  |TAMS 0x00000000ae900000, 0x00000000ae900000| Untracked 
| 214|0x00000000aea00000, 0x00000000aea00000, 0x00000000aeb00000|  0%| F|  |TAMS 0x00000000aea00000, 0x00000000aea00000| Untracked 
| 215|0x00000000aeb00000, 0x00000000aeb00000, 0x00000000aec00000|  0%| F|  |TAMS 0x00000000aeb00000, 0x00000000aeb00000| Untracked 
| 216|0x00000000aec00000, 0x00000000aec00000, 0x00000000aed00000|  0%| F|  |TAMS 0x00000000aec00000, 0x00000000aec00000| Untracked 
| 217|0x00000000aed00000, 0x00000000aed00000, 0x00000000aee00000|  0%| F|  |TAMS 0x00000000aed00000, 0x00000000aed00000| Untracked 
| 218|0x00000000aee00000, 0x00000000aee00000, 0x00000000aef00000|  0%| F|  |TAMS 0x00000000aee00000, 0x00000000aee00000| Untracked 
| 219|0x00000000aef00000, 0x00000000aef00000, 0x00000000af000000|  0%| F|  |TAMS 0x00000000aef00000, 0x00000000aef00000| Untracked 
| 220|0x00000000af000000, 0x00000000af000000, 0x00000000af100000|  0%| F|  |TAMS 0x00000000af000000, 0x00000000af000000| Untracked 
| 221|0x00000000af100000, 0x00000000af100000, 0x00000000af200000|  0%| F|  |TAMS 0x00000000af100000, 0x00000000af100000| Untracked 
| 222|0x00000000af200000, 0x00000000af200000, 0x00000000af300000|  0%| F|  |TAMS 0x00000000af200000, 0x00000000af200000| Untracked 
| 223|0x00000000af300000, 0x00000000af300000, 0x00000000af400000|  0%| F|  |TAMS 0x00000000af300000, 0x00000000af300000| Untracked 
| 224|0x00000000af400000, 0x00000000af400000, 0x00000000af500000|  0%| F|  |TAMS 0x00000000af400000, 0x00000000af400000| Untracked 
| 225|0x00000000af500000, 0x00000000af500000, 0x00000000af600000|  0%| F|  |TAMS 0x00000000af500000, 0x00000000af500000| Untracked 
| 226|0x00000000af600000, 0x00000000af600000, 0x00000000af700000|  0%| F|  |TAMS 0x00000000af600000, 0x00000000af600000| Untracked 
| 227|0x00000000af700000, 0x00000000af700000, 0x00000000af800000|  0%| F|  |TAMS 0x00000000af700000, 0x00000000af700000| Untracked 
| 228|0x00000000af800000, 0x00000000af800000, 0x00000000af900000|  0%| F|  |TAMS 0x00000000af800000, 0x00000000af800000| Untracked 
| 229|0x00000000af900000, 0x00000000af900000, 0x00000000afa00000|  0%| F|  |TAMS 0x00000000af900000, 0x00000000af900000| Untracked 
| 230|0x00000000afa00000, 0x00000000afa00000, 0x00000000afb00000|  0%| F|  |TAMS 0x00000000afa00000, 0x00000000afa00000| Untracked 
| 231|0x00000000afb00000, 0x00000000afb00000, 0x00000000afc00000|  0%| F|  |TAMS 0x00000000afb00000, 0x00000000afb00000| Untracked 
| 232|0x00000000afc00000, 0x00000000afc00000, 0x00000000afd00000|  0%| F|  |TAMS 0x00000000afc00000, 0x00000000afc00000| Untracked 
| 233|0x00000000afd00000, 0x00000000afd00000, 0x00000000afe00000|  0%| F|  |TAMS 0x00000000afd00000, 0x00000000afd00000| Untracked 
| 234|0x00000000afe00000, 0x00000000afe00000, 0x00000000aff00000|  0%| F|  |TAMS 0x00000000afe00000, 0x00000000afe00000| Untracked 
| 235|0x00000000aff00000, 0x00000000aff00000, 0x00000000b0000000|  0%| F|  |TAMS 0x00000000aff00000, 0x00000000aff00000| Untracked 
| 236|0x00000000b0000000, 0x00000000b0000000, 0x00000000b0100000|  0%| F|  |TAMS 0x00000000b0000000, 0x00000000b0000000| Untracked 
| 237|0x00000000b0100000, 0x00000000b0100000, 0x00000000b0200000|  0%| F|  |TAMS 0x00000000b0100000, 0x00000000b0100000| Untracked 
| 238|0x00000000b0200000, 0x00000000b0200000, 0x00000000b0300000|  0%| F|  |TAMS 0x00000000b0200000, 0x00000000b0200000| Untracked 
| 239|0x00000000b0300000, 0x00000000b0300000, 0x00000000b0400000|  0%| F|  |TAMS 0x00000000b0300000, 0x00000000b0300000| Untracked 
| 240|0x00000000b0400000, 0x00000000b0400000, 0x00000000b0500000|  0%| F|  |TAMS 0x00000000b0400000, 0x00000000b0400000| Untracked 
| 241|0x00000000b0500000, 0x00000000b0500000, 0x00000000b0600000|  0%| F|  |TAMS 0x00000000b0500000, 0x00000000b0500000| Untracked 
| 242|0x00000000b0600000, 0x00000000b0600000, 0x00000000b0700000|  0%| F|  |TAMS 0x00000000b0600000, 0x00000000b0600000| Untracked 
| 243|0x00000000b0700000, 0x00000000b0700000, 0x00000000b0800000|  0%| F|  |TAMS 0x00000000b0700000, 0x00000000b0700000| Untracked 
| 244|0x00000000b0800000, 0x00000000b0800000, 0x00000000b0900000|  0%| F|  |TAMS 0x00000000b0800000, 0x00000000b0800000| Untracked 
| 245|0x00000000b0900000, 0x00000000b0900000, 0x00000000b0a00000|  0%| F|  |TAMS 0x00000000b0900000, 0x00000000b0900000| Untracked 
| 246|0x00000000b0a00000, 0x00000000b0a00000, 0x00000000b0b00000|  0%| F|  |TAMS 0x00000000b0a00000, 0x00000000b0a00000| Untracked 
| 247|0x00000000b0b00000, 0x00000000b0b00000, 0x00000000b0c00000|  0%| F|  |TAMS 0x00000000b0b00000, 0x00000000b0b00000| Untracked 
| 248|0x00000000b0c00000, 0x00000000b0c00000, 0x00000000b0d00000|  0%| F|  |TAMS 0x00000000b0c00000, 0x00000000b0c00000| Untracked 
| 249|0x00000000b0d00000, 0x00000000b0d00000, 0x00000000b0e00000|  0%| F|  |TAMS 0x00000000b0d00000, 0x00000000b0d00000| Untracked 
| 250|0x00000000b0e00000, 0x00000000b0e00000, 0x00000000b0f00000|  0%| F|  |TAMS 0x00000000b0e00000, 0x00000000b0e00000| Untracked 
| 251|0x00000000b0f00000, 0x00000000b0f00000, 0x00000000b1000000|  0%| F|  |TAMS 0x00000000b0f00000, 0x00000000b0f00000| Untracked 
| 252|0x00000000b1000000, 0x00000000b1000000, 0x00000000b1100000|  0%| F|  |TAMS 0x00000000b1000000, 0x00000000b1000000| Untracked 
| 253|0x00000000b1100000, 0x00000000b1100000, 0x00000000b1200000|  0%| F|  |TAMS 0x00000000b1100000, 0x00000000b1100000| Untracked 
| 254|0x00000000b1200000, 0x00000000b1200000, 0x00000000b1300000|  0%| F|  |TAMS 0x00000000b1200000, 0x00000000b1200000| Untracked 
| 255|0x00000000b1300000, 0x00000000b1300000, 0x00000000b1400000|  0%| F|  |TAMS 0x00000000b1300000, 0x00000000b1300000| Untracked 
| 256|0x00000000b1400000, 0x00000000b1400000, 0x00000000b1500000|  0%| F|  |TAMS 0x00000000b1400000, 0x00000000b1400000| Untracked 
| 257|0x00000000b1500000, 0x00000000b1500000, 0x00000000b1600000|  0%| F|  |TAMS 0x00000000b1500000, 0x00000000b1500000| Untracked 
| 258|0x00000000b1600000, 0x00000000b1600000, 0x00000000b1700000|  0%| F|  |TAMS 0x00000000b1600000, 0x00000000b1600000| Untracked 
| 259|0x00000000b1700000, 0x00000000b1700000, 0x00000000b1800000|  0%| F|  |TAMS 0x00000000b1700000, 0x00000000b1700000| Untracked 
| 260|0x00000000b1800000, 0x00000000b1800000, 0x00000000b1900000|  0%| F|  |TAMS 0x00000000b1800000, 0x00000000b1800000| Untracked 
| 261|0x00000000b1900000, 0x00000000b1900000, 0x00000000b1a00000|  0%| F|  |TAMS 0x00000000b1900000, 0x00000000b1900000| Untracked 
| 262|0x00000000b1a00000, 0x00000000b1a00000, 0x00000000b1b00000|  0%| F|  |TAMS 0x00000000b1a00000, 0x00000000b1a00000| Untracked 
| 263|0x00000000b1b00000, 0x00000000b1b00000, 0x00000000b1c00000|  0%| F|  |TAMS 0x00000000b1b00000, 0x00000000b1b00000| Untracked 
| 264|0x00000000b1c00000, 0x00000000b1c00000, 0x00000000b1d00000|  0%| F|  |TAMS 0x00000000b1c00000, 0x00000000b1c00000| Untracked 
| 265|0x00000000b1d00000, 0x00000000b1d00000, 0x00000000b1e00000|  0%| F|  |TAMS 0x00000000b1d00000, 0x00000000b1d00000| Untracked 
| 266|0x00000000b1e00000, 0x00000000b1e00000, 0x00000000b1f00000|  0%| F|  |TAMS 0x00000000b1e00000, 0x00000000b1e00000| Untracked 
| 267|0x00000000b1f00000, 0x00000000b1f00000, 0x00000000b2000000|  0%| F|  |TAMS 0x00000000b1f00000, 0x00000000b1f00000| Untracked 
| 268|0x00000000b2000000, 0x00000000b2000000, 0x00000000b2100000|  0%| F|  |TAMS 0x00000000b2000000, 0x00000000b2000000| Untracked 
| 269|0x00000000b2100000, 0x00000000b2100000, 0x00000000b2200000|  0%| F|  |TAMS 0x00000000b2100000, 0x00000000b2100000| Untracked 
| 270|0x00000000b2200000, 0x00000000b2200000, 0x00000000b2300000|  0%| F|  |TAMS 0x00000000b2200000, 0x00000000b2200000| Untracked 
| 271|0x00000000b2300000, 0x00000000b2300000, 0x00000000b2400000|  0%| F|  |TAMS 0x00000000b2300000, 0x00000000b2300000| Untracked 
| 272|0x00000000b2400000, 0x00000000b2400000, 0x00000000b2500000|  0%| F|  |TAMS 0x00000000b2400000, 0x00000000b2400000| Untracked 
| 273|0x00000000b2500000, 0x00000000b2500000, 0x00000000b2600000|  0%| F|  |TAMS 0x00000000b2500000, 0x00000000b2500000| Untracked 
| 274|0x00000000b2600000, 0x00000000b2600000, 0x00000000b2700000|  0%| F|  |TAMS 0x00000000b2600000, 0x00000000b2600000| Untracked 
| 275|0x00000000b2700000, 0x00000000b2700000, 0x00000000b2800000|  0%| F|  |TAMS 0x00000000b2700000, 0x00000000b2700000| Untracked 
| 276|0x00000000b2800000, 0x00000000b2800000, 0x00000000b2900000|  0%| F|  |TAMS 0x00000000b2800000, 0x00000000b2800000| Untracked 
| 277|0x00000000b2900000, 0x00000000b2900000, 0x00000000b2a00000|  0%| F|  |TAMS 0x00000000b2900000, 0x00000000b2900000| Untracked 
| 278|0x00000000b2a00000, 0x00000000b2a00000, 0x00000000b2b00000|  0%| F|  |TAMS 0x00000000b2a00000, 0x00000000b2a00000| Untracked 
| 279|0x00000000b2b00000, 0x00000000b2b00000, 0x00000000b2c00000|  0%| F|  |TAMS 0x00000000b2b00000, 0x00000000b2b00000| Untracked 
| 280|0x00000000b2c00000, 0x00000000b2c00000, 0x00000000b2d00000|  0%| F|  |TAMS 0x00000000b2c00000, 0x00000000b2c00000| Untracked 
| 281|0x00000000b2d00000, 0x00000000b2d00000, 0x00000000b2e00000|  0%| F|  |TAMS 0x00000000b2d00000, 0x00000000b2d00000| Untracked 
| 282|0x00000000b2e00000, 0x00000000b2e00000, 0x00000000b2f00000|  0%| F|  |TAMS 0x00000000b2e00000, 0x00000000b2e00000| Untracked 
| 283|0x00000000b2f00000, 0x00000000b2f00000, 0x00000000b3000000|  0%| F|  |TAMS 0x00000000b2f00000, 0x00000000b2f00000| Untracked 
| 284|0x00000000b3000000, 0x00000000b3000000, 0x00000000b3100000|  0%| F|  |TAMS 0x00000000b3000000, 0x00000000b3000000| Untracked 
| 285|0x00000000b3100000, 0x00000000b3100000, 0x00000000b3200000|  0%| F|  |TAMS 0x00000000b3100000, 0x00000000b3100000| Untracked 
| 286|0x00000000b3200000, 0x00000000b3200000, 0x00000000b3300000|  0%| F|  |TAMS 0x00000000b3200000, 0x00000000b3200000| Untracked 
| 287|0x00000000b3300000, 0x00000000b3300000, 0x00000000b3400000|  0%| F|  |TAMS 0x00000000b3300000, 0x00000000b3300000| Untracked 
| 288|0x00000000b3400000, 0x00000000b3400000, 0x00000000b3500000|  0%| F|  |TAMS 0x00000000b3400000, 0x00000000b3400000| Untracked 
| 289|0x00000000b3500000, 0x00000000b3500000, 0x00000000b3600000|  0%| F|  |TAMS 0x00000000b3500000, 0x00000000b3500000| Untracked 
| 290|0x00000000b3600000, 0x00000000b3600000, 0x00000000b3700000|  0%| F|  |TAMS 0x00000000b3600000, 0x00000000b3600000| Untracked 
| 291|0x00000000b3700000, 0x00000000b3700000, 0x00000000b3800000|  0%| F|  |TAMS 0x00000000b3700000, 0x00000000b3700000| Untracked 
| 292|0x00000000b3800000, 0x00000000b3800000, 0x00000000b3900000|  0%| F|  |TAMS 0x00000000b3800000, 0x00000000b3800000| Untracked 
| 293|0x00000000b3900000, 0x00000000b3900000, 0x00000000b3a00000|  0%| F|  |TAMS 0x00000000b3900000, 0x00000000b3900000| Untracked 
| 294|0x00000000b3a00000, 0x00000000b3a00000, 0x00000000b3b00000|  0%| F|  |TAMS 0x00000000b3a00000, 0x00000000b3a00000| Untracked 
| 295|0x00000000b3b00000, 0x00000000b3b00000, 0x00000000b3c00000|  0%| F|  |TAMS 0x00000000b3b00000, 0x00000000b3b00000| Untracked 
| 296|0x00000000b3c00000, 0x00000000b3c00000, 0x00000000b3d00000|  0%| F|  |TAMS 0x00000000b3c00000, 0x00000000b3c00000| Untracked 
| 297|0x00000000b3d00000, 0x00000000b3d00000, 0x00000000b3e00000|  0%| F|  |TAMS 0x00000000b3d00000, 0x00000000b3d00000| Untracked 
| 298|0x00000000b3e00000, 0x00000000b3e00000, 0x00000000b3f00000|  0%| F|  |TAMS 0x00000000b3e00000, 0x00000000b3e00000| Untracked 
| 299|0x00000000b3f00000, 0x00000000b3f00000, 0x00000000b4000000|  0%| F|  |TAMS 0x00000000b3f00000, 0x00000000b3f00000| Untracked 
| 300|0x00000000b4000000, 0x00000000b4000000, 0x00000000b4100000|  0%| F|  |TAMS 0x00000000b4000000, 0x00000000b4000000| Untracked 
| 301|0x00000000b4100000, 0x00000000b4100000, 0x00000000b4200000|  0%| F|  |TAMS 0x00000000b4100000, 0x00000000b4100000| Untracked 
| 302|0x00000000b4200000, 0x00000000b4200000, 0x00000000b4300000|  0%| F|  |TAMS 0x00000000b4200000, 0x00000000b4200000| Untracked 
| 303|0x00000000b4300000, 0x00000000b4300000, 0x00000000b4400000|  0%| F|  |TAMS 0x00000000b4300000, 0x00000000b4300000| Untracked 
| 304|0x00000000b4400000, 0x00000000b4400000, 0x00000000b4500000|  0%| F|  |TAMS 0x00000000b4400000, 0x00000000b4400000| Untracked 
| 305|0x00000000b4500000, 0x00000000b4500000, 0x00000000b4600000|  0%| F|  |TAMS 0x00000000b4500000, 0x00000000b4500000| Untracked 
| 306|0x00000000b4600000, 0x00000000b4600000, 0x00000000b4700000|  0%| F|  |TAMS 0x00000000b4600000, 0x00000000b4600000| Untracked 
| 307|0x00000000b4700000, 0x00000000b4700000, 0x00000000b4800000|  0%| F|  |TAMS 0x00000000b4700000, 0x00000000b4700000| Untracked 
| 308|0x00000000b4800000, 0x00000000b4800000, 0x00000000b4900000|  0%| F|  |TAMS 0x00000000b4800000, 0x00000000b4800000| Untracked 
| 309|0x00000000b4900000, 0x00000000b4900000, 0x00000000b4a00000|  0%| F|  |TAMS 0x00000000b4900000, 0x00000000b4900000| Untracked 
| 310|0x00000000b4a00000, 0x00000000b4a00000, 0x00000000b4b00000|  0%| F|  |TAMS 0x00000000b4a00000, 0x00000000b4a00000| Untracked 
| 311|0x00000000b4b00000, 0x00000000b4b00000, 0x00000000b4c00000|  0%| F|  |TAMS 0x00000000b4b00000, 0x00000000b4b00000| Untracked 
| 312|0x00000000b4c00000, 0x00000000b4c00000, 0x00000000b4d00000|  0%| F|  |TAMS 0x00000000b4c00000, 0x00000000b4c00000| Untracked 
| 313|0x00000000b4d00000, 0x00000000b4d00000, 0x00000000b4e00000|  0%| F|  |TAMS 0x00000000b4d00000, 0x00000000b4d00000| Untracked 
| 314|0x00000000b4e00000, 0x00000000b4e00000, 0x00000000b4f00000|  0%| F|  |TAMS 0x00000000b4e00000, 0x00000000b4e00000| Untracked 
| 315|0x00000000b4f00000, 0x00000000b4f00000, 0x00000000b5000000|  0%| F|  |TAMS 0x00000000b4f00000, 0x00000000b4f00000| Untracked 
| 316|0x00000000b5000000, 0x00000000b5000000, 0x00000000b5100000|  0%| F|  |TAMS 0x00000000b5000000, 0x00000000b5000000| Untracked 
| 317|0x00000000b5100000, 0x00000000b5100000, 0x00000000b5200000|  0%| F|  |TAMS 0x00000000b5100000, 0x00000000b5100000| Untracked 
| 318|0x00000000b5200000, 0x00000000b5200000, 0x00000000b5300000|  0%| F|  |TAMS 0x00000000b5200000, 0x00000000b5200000| Untracked 
| 319|0x00000000b5300000, 0x00000000b5300000, 0x00000000b5400000|  0%| F|  |TAMS 0x00000000b5300000, 0x00000000b5300000| Untracked 
| 320|0x00000000b5400000, 0x00000000b5400000, 0x00000000b5500000|  0%| F|  |TAMS 0x00000000b5400000, 0x00000000b5400000| Untracked 
| 321|0x00000000b5500000, 0x00000000b5500000, 0x00000000b5600000|  0%| F|  |TAMS 0x00000000b5500000, 0x00000000b5500000| Untracked 
| 322|0x00000000b5600000, 0x00000000b5600000, 0x00000000b5700000|  0%| F|  |TAMS 0x00000000b5600000, 0x00000000b5600000| Untracked 
| 323|0x00000000b5700000, 0x00000000b5700000, 0x00000000b5800000|  0%| F|  |TAMS 0x00000000b5700000, 0x00000000b5700000| Untracked 
| 324|0x00000000b5800000, 0x00000000b5800000, 0x00000000b5900000|  0%| F|  |TAMS 0x00000000b5800000, 0x00000000b5800000| Untracked 
| 325|0x00000000b5900000, 0x00000000b5900000, 0x00000000b5a00000|  0%| F|  |TAMS 0x00000000b5900000, 0x00000000b5900000| Untracked 
| 326|0x00000000b5a00000, 0x00000000b5a00000, 0x00000000b5b00000|  0%| F|  |TAMS 0x00000000b5a00000, 0x00000000b5a00000| Untracked 
| 327|0x00000000b5b00000, 0x00000000b5b00000, 0x00000000b5c00000|  0%| F|  |TAMS 0x00000000b5b00000, 0x00000000b5b00000| Untracked 
| 328|0x00000000b5c00000, 0x00000000b5c00000, 0x00000000b5d00000|  0%| F|  |TAMS 0x00000000b5c00000, 0x00000000b5c00000| Untracked 
| 329|0x00000000b5d00000, 0x00000000b5d00000, 0x00000000b5e00000|  0%| F|  |TAMS 0x00000000b5d00000, 0x00000000b5d00000| Untracked 
| 330|0x00000000b5e00000, 0x00000000b5e00000, 0x00000000b5f00000|  0%| F|  |TAMS 0x00000000b5e00000, 0x00000000b5e00000| Untracked 
| 331|0x00000000b5f00000, 0x00000000b5f00000, 0x00000000b6000000|  0%| F|  |TAMS 0x00000000b5f00000, 0x00000000b5f00000| Untracked 
| 332|0x00000000b6000000, 0x00000000b6000000, 0x00000000b6100000|  0%| F|  |TAMS 0x00000000b6000000, 0x00000000b6000000| Untracked 
| 333|0x00000000b6100000, 0x00000000b6100000, 0x00000000b6200000|  0%| F|  |TAMS 0x00000000b6100000, 0x00000000b6100000| Untracked 
| 334|0x00000000b6200000, 0x00000000b6200000, 0x00000000b6300000|  0%| F|  |TAMS 0x00000000b6200000, 0x00000000b6200000| Untracked 
| 335|0x00000000b6300000, 0x00000000b6300000, 0x00000000b6400000|  0%| F|  |TAMS 0x00000000b6300000, 0x00000000b6300000| Untracked 
| 336|0x00000000b6400000, 0x00000000b6400000, 0x00000000b6500000|  0%| F|  |TAMS 0x00000000b6400000, 0x00000000b6400000| Untracked 
| 337|0x00000000b6500000, 0x00000000b6500000, 0x00000000b6600000|  0%| F|  |TAMS 0x00000000b6500000, 0x00000000b6500000| Untracked 
| 338|0x00000000b6600000, 0x00000000b6600000, 0x00000000b6700000|  0%| F|  |TAMS 0x00000000b6600000, 0x00000000b6600000| Untracked 
| 339|0x00000000b6700000, 0x00000000b6700000, 0x00000000b6800000|  0%| F|  |TAMS 0x00000000b6700000, 0x00000000b6700000| Untracked 
| 340|0x00000000b6800000, 0x00000000b6800000, 0x00000000b6900000|  0%| F|  |TAMS 0x00000000b6800000, 0x00000000b6800000| Untracked 
| 341|0x00000000b6900000, 0x00000000b6900000, 0x00000000b6a00000|  0%| F|  |TAMS 0x00000000b6900000, 0x00000000b6900000| Untracked 
| 342|0x00000000b6a00000, 0x00000000b6a00000, 0x00000000b6b00000|  0%| F|  |TAMS 0x00000000b6a00000, 0x00000000b6a00000| Untracked 
| 343|0x00000000b6b00000, 0x00000000b6b00000, 0x00000000b6c00000|  0%| F|  |TAMS 0x00000000b6b00000, 0x00000000b6b00000| Untracked 
| 344|0x00000000b6c00000, 0x00000000b6c00000, 0x00000000b6d00000|  0%| F|  |TAMS 0x00000000b6c00000, 0x00000000b6c00000| Untracked 
| 345|0x00000000b6d00000, 0x00000000b6d00000, 0x00000000b6e00000|  0%| F|  |TAMS 0x00000000b6d00000, 0x00000000b6d00000| Untracked 
| 346|0x00000000b6e00000, 0x00000000b6e00000, 0x00000000b6f00000|  0%| F|  |TAMS 0x00000000b6e00000, 0x00000000b6e00000| Untracked 
| 347|0x00000000b6f00000, 0x00000000b6f00000, 0x00000000b7000000|  0%| F|  |TAMS 0x00000000b6f00000, 0x00000000b6f00000| Untracked 
| 348|0x00000000b7000000, 0x00000000b7000000, 0x00000000b7100000|  0%| F|  |TAMS 0x00000000b7000000, 0x00000000b7000000| Untracked 
| 349|0x00000000b7100000, 0x00000000b7100000, 0x00000000b7200000|  0%| F|  |TAMS 0x00000000b7100000, 0x00000000b7100000| Untracked 
| 350|0x00000000b7200000, 0x00000000b7200000, 0x00000000b7300000|  0%| F|  |TAMS 0x00000000b7200000, 0x00000000b7200000| Untracked 
| 351|0x00000000b7300000, 0x00000000b7300000, 0x00000000b7400000|  0%| F|  |TAMS 0x00000000b7300000, 0x00000000b7300000| Untracked 
| 352|0x00000000b7400000, 0x00000000b7400000, 0x00000000b7500000|  0%| F|  |TAMS 0x00000000b7400000, 0x00000000b7400000| Untracked 
| 353|0x00000000b7500000, 0x00000000b7500000, 0x00000000b7600000|  0%| F|  |TAMS 0x00000000b7500000, 0x00000000b7500000| Untracked 
| 354|0x00000000b7600000, 0x00000000b7600000, 0x00000000b7700000|  0%| F|  |TAMS 0x00000000b7600000, 0x00000000b7600000| Untracked 
| 355|0x00000000b7700000, 0x00000000b7700000, 0x00000000b7800000|  0%| F|  |TAMS 0x00000000b7700000, 0x00000000b7700000| Untracked 
| 356|0x00000000b7800000, 0x00000000b7800000, 0x00000000b7900000|  0%| F|  |TAMS 0x00000000b7800000, 0x00000000b7800000| Untracked 
| 357|0x00000000b7900000, 0x00000000b7900000, 0x00000000b7a00000|  0%| F|  |TAMS 0x00000000b7900000, 0x00000000b7900000| Untracked 
| 358|0x00000000b7a00000, 0x00000000b7a00000, 0x00000000b7b00000|  0%| F|  |TAMS 0x00000000b7a00000, 0x00000000b7a00000| Untracked 
| 359|0x00000000b7b00000, 0x00000000b7b00000, 0x00000000b7c00000|  0%| F|  |TAMS 0x00000000b7b00000, 0x00000000b7b00000| Untracked 

Card table byte_map: [0x000001939e660000,0x000001939e960000] _byte_map_base: 0x000001939e156000

Marking Bits (Prev, Next): (CMBitMap*) 0x0000019385e1e9e0, (CMBitMap*) 0x0000019385e1e9a0
 Prev Bits: [0x00000193a0410000, 0x00000193a1bc0000)
 Next Bits: [0x000001939ec60000, 0x00000193a0410000)

Polling page: 0x0000019385eb0000

Metaspace:

Usage:
  Non-class:     36.98 MB used.
      Class:      5.07 MB used.
       Both:     42.05 MB used.

Virtual space:
  Non-class space:       48.00 MB reserved,      38.06 MB ( 79%) committed,  6 nodes.
      Class space:        1.00 GB reserved,       5.63 MB ( <1%) committed,  1 nodes.
              Both:        1.05 GB reserved,      43.69 MB (  4%) committed. 

Chunk freelists:
   Non-Class:  5.94 MB
       Class:  2.22 MB
        Both:  8.16 MB

MaxMetaspaceSize: 17179869184.00 GB
CompressedClassSpaceSize: 1.00 GB
 - commit_granule_bytes: 65536.
 - commit_granule_words: 8192.
 - virtual_space_node_default_size: 1048576.
 - enlarge_chunks_in_place: 1.
 - new_chunks_are_fully_committed: 0.
 - uncommit_free_chunks: 1.
 - use_allocation_guard: 0.
 - handle_deallocations: 1.


Internal statistics:

num_allocs_failed_limit: 6.
num_arena_births: 3374.
num_arena_deaths: 1418.
num_vsnodes_births: 7.
num_vsnodes_deaths: 0.
num_space_committed: 1041.
num_space_uncommitted: 342.
num_chunks_returned_to_freelist: 4614.
num_chunks_taken_from_freelist: 8500.
num_chunk_merges: 1264.
num_chunk_splits: 4738.
num_chunks_enlarged: 3271.
num_purges: 38.

CodeHeap 'non-profiled nmethods': size=120000Kb used=5643Kb max_used=6075Kb free=114356Kb
 bounds [0x00000193967f0000, 0x0000019396de0000, 0x000001939dd20000]
CodeHeap 'profiled nmethods': size=120000Kb used=11969Kb max_used=14331Kb free=108030Kb
 bounds [0x000001938f2c0000, 0x00000193900c0000, 0x00000193967f0000]
CodeHeap 'non-nmethods': size=5760Kb used=1276Kb max_used=1335Kb free=4483Kb
 bounds [0x000001938ed20000, 0x000001938ef90000, 0x000001938f2c0000]
 total_blobs=6919 nmethods=6346 adapters=484
 compilation: enabled
              stopped_count=0, restarted_count=0
 full_count=0

Compilation events (20 events):
Event: 23888.085 Thread 0x00000193a41f3930 nmethod 8007 0x000001938f3aca90 code [0x000001938f3acc20, 0x000001938f3acd98]
Event: 23888.090 Thread 0x00000193a418cfe0 nmethod 8003 0x0000019396a54a10 code [0x0000019396a54be0, 0x0000019396a554b8]
Event: 23888.090 Thread 0x00000193a418cfe0 8004       4       java.util.Collections$EmptyList::listIterator (4 bytes)
Event: 23888.090 Thread 0x00000193a418cfe0 nmethod 8004 0x0000019396c01310 code [0x0000019396c014a0, 0x0000019396c01518]
Event: 23888.091 Thread 0x00000193a41f3930 8008       3       java.math.BigDecimal::multiply (52 bytes)
Event: 23888.091 Thread 0x00000193a41f3930 nmethod 8008 0x000001938f488310 code [0x000001938f4884e0, 0x000001938f488898]
Event: 23888.094 Thread 0x00000193a41f3930 8009       3       java.util.stream.AbstractPipeline$$Lambda$354/0x0000000800d7e7b0::get (8 bytes)
Event: 23888.095 Thread 0x00000193a41f3930 nmethod 8009 0x000001938f31af10 code [0x000001938f31b0c0, 0x000001938f31b268]
Event: 23888.095 Thread 0x00000193a41f3930 8010       3       java.util.Comparator::comparing (18 bytes)
Event: 23888.095 Thread 0x00000193a41f3930 nmethod 8010 0x000001938f701e10 code [0x000001938f702040, 0x000001938f702998]
Event: 23888.095 Thread 0x00000193a41f3930 8011       3       java.util.Comparator$$Lambda$358/0x0000000800d7f118::<init> (10 bytes)
Event: 23888.095 Thread 0x00000193a41f3930 nmethod 8011 0x000001938f2c5310 code [0x000001938f2c54c0, 0x000001938f2c5678]
Event: 23888.095 Thread 0x00000193a41f3930 8012       3       java.util.stream.StreamSpliterators$WrappingSpliterator::forEachRemaining (63 bytes)
Event: 23888.096 Thread 0x00000193a41f3930 nmethod 8012 0x000001938fbbab90 code [0x000001938fbbae20, 0x000001938fbbbcb8]
Event: 23888.096 Thread 0x00000193a41f3930 8013       3       java.util.stream.StreamSpliterators$WrappingSpliterator$$Lambda$361/0x0000000800d7f848::<init> (10 bytes)
Event: 23888.097 Thread 0x00000193a41f3930 nmethod 8013 0x000001938f340190 code [0x000001938f340340, 0x000001938f3404f8]
Event: 23890.271 Thread 0x00000193a418cfe0 8014       4       java.lang.Boolean::valueOf (14 bytes)
Event: 23890.272 Thread 0x00000193a418cfe0 nmethod 8014 0x0000019396c02690 code [0x0000019396c02820, 0x0000019396c02898]
Event: 23890.274 Thread 0x00000193a418cfe0 8015   !   4       java.util.concurrent.ConcurrentHashMap::replaceNode (437 bytes)
Event: 23890.311 Thread 0x00000193a418cfe0 nmethod 8015 0x0000019396b0a390 code [0x0000019396b0a560, 0x0000019396b0b348]

GC Heap History (20 events):
Event: 23477.593 GC heap after
{Heap after GC invocations=80 (full 0):
 garbage-first heap   total 143360K, used 34647K [0x00000000a1400000, 0x0000000100000000)
  region size 1024K, 1 young (1024K), 1 survivors (1024K)
 Metaspace       used 41464K, committed 43392K, reserved 1097728K
  class space    used 5137K, committed 5696K, reserved 1048576K
}
Event: 23826.716 GC heap before
{Heap before GC invocations=80 (full 0):
 garbage-first heap   total 143360K, used 107351K [0x00000000a1400000, 0x0000000100000000)
  region size 1024K, 72 young (73728K), 1 survivors (1024K)
 Metaspace       used 42800K, committed 44416K, reserved 1097728K
  class space    used 5178K, committed 5760K, reserved 1048576K
}
Event: 23826.723 GC heap after
{Heap after GC invocations=81 (full 0):
 garbage-first heap   total 143360K, used 39974K [0x00000000a1400000, 0x0000000100000000)
  region size 1024K, 7 young (7168K), 7 survivors (7168K)
 Metaspace       used 42800K, committed 44416K, reserved 1097728K
  class space    used 5178K, committed 5760K, reserved 1048576K
}
Event: 23842.128 GC heap before
{Heap before GC invocations=82 (full 0):
 garbage-first heap   total 143360K, used 104486K [0x00000000a1400000, 0x0000000100000000)
  region size 1024K, 73 young (74752K), 7 survivors (7168K)
 Metaspace       used 41425K, committed 42944K, reserved 1097728K
  class space    used 5147K, committed 5760K, reserved 1048576K
}
Event: 23842.140 GC heap after
{Heap after GC invocations=83 (full 0):
 garbage-first heap   total 143360K, used 43223K [0x00000000a1400000, 0x0000000100000000)
  region size 1024K, 7 young (7168K), 7 survivors (7168K)
 Metaspace       used 41425K, committed 42944K, reserved 1097728K
  class space    used 5147K, committed 5760K, reserved 1048576K
}
Event: 23842.145 GC heap before
{Heap before GC invocations=83 (full 0):
 garbage-first heap   total 143360K, used 44247K [0x00000000a1400000, 0x0000000100000000)
  region size 1024K, 8 young (8192K), 7 survivors (7168K)
 Metaspace       used 41426K, committed 43008K, reserved 1097728K
  class space    used 5147K, committed 5760K, reserved 1048576K
}
Event: 23842.160 GC heap after
{Heap after GC invocations=84 (full 0):
 garbage-first heap   total 143360K, used 34554K [0x00000000a1400000, 0x0000000100000000)
  region size 1024K, 1 young (1024K), 1 survivors (1024K)
 Metaspace       used 41426K, committed 43008K, reserved 1097728K
  class space    used 5147K, committed 5760K, reserved 1048576K
}
Event: 23850.789 GC heap before
{Heap before GC invocations=84 (full 0):
 garbage-first heap   total 143360K, used 107258K [0x00000000a1400000, 0x0000000100000000)
  region size 1024K, 72 young (73728K), 1 survivors (1024K)
 Metaspace       used 42866K, committed 44544K, reserved 1097728K
  class space    used 5191K, committed 5760K, reserved 1048576K
}
Event: 23850.799 GC heap after
{Heap after GC invocations=85 (full 0):
 garbage-first heap   total 143360K, used 40459K [0x00000000a1400000, 0x0000000100000000)
  region size 1024K, 7 young (7168K), 7 survivors (7168K)
 Metaspace       used 42866K, committed 44544K, reserved 1097728K
  class space    used 5191K, committed 5760K, reserved 1048576K
}
Event: 23874.245 GC heap before
{Heap before GC invocations=86 (full 0):
 garbage-first heap   total 137216K, used 105995K [0x00000000a1400000, 0x0000000100000000)
  region size 1024K, 74 young (75776K), 7 survivors (7168K)
 Metaspace       used 41852K, committed 43648K, reserved 1097728K
  class space    used 5158K, committed 5760K, reserved 1048576K
}
Event: 23874.263 GC heap after
{Heap after GC invocations=87 (full 0):
 garbage-first heap   total 137216K, used 44394K [0x00000000a1400000, 0x0000000100000000)
  region size 1024K, 7 young (7168K), 7 survivors (7168K)
 Metaspace       used 41852K, committed 43648K, reserved 1097728K
  class space    used 5158K, committed 5760K, reserved 1048576K
}
Event: 23874.286 GC heap before
{Heap before GC invocations=87 (full 0):
 garbage-first heap   total 137216K, used 45418K [0x00000000a1400000, 0x0000000100000000)
  region size 1024K, 8 young (8192K), 7 survivors (7168K)
 Metaspace       used 41860K, committed 43648K, reserved 1097728K
  class space    used 5158K, committed 5760K, reserved 1048576K
}
Event: 23874.301 GC heap after
{Heap after GC invocations=88 (full 0):
 garbage-first heap   total 137216K, used 35939K [0x00000000a1400000, 0x0000000100000000)
  region size 1024K, 1 young (1024K), 1 survivors (1024K)
 Metaspace       used 41860K, committed 43648K, reserved 1097728K
  class space    used 5158K, committed 5760K, reserved 1048576K
}
Event: 23879.941 GC heap before
{Heap before GC invocations=88 (full 0):
 garbage-first heap   total 137216K, used 101475K [0x00000000a1400000, 0x0000000100000000)
  region size 1024K, 65 young (66560K), 1 survivors (1024K)
 Metaspace       used 43394K, committed 45120K, reserved 1097728K
  class space    used 5206K, committed 5760K, reserved 1048576K
}
Event: 23879.952 GC heap after
{Heap after GC invocations=89 (full 0):
 garbage-first heap   total 137216K, used 42806K [0x00000000a1400000, 0x0000000100000000)
  region size 1024K, 8 young (8192K), 8 survivors (8192K)
 Metaspace       used 43394K, committed 45120K, reserved 1097728K
  class space    used 5206K, committed 5760K, reserved 1048576K
}
Event: 23885.333 GC heap before
{Heap before GC invocations=90 (full 0):
 garbage-first heap   total 130048K, used 97078K [0x00000000a1400000, 0x0000000100000000)
  region size 1024K, 67 young (68608K), 8 survivors (8192K)
 Metaspace       used 41792K, committed 43712K, reserved 1097728K
  class space    used 5156K, committed 5760K, reserved 1048576K
}
Event: 23885.352 GC heap after
{Heap after GC invocations=91 (full 0):
 garbage-first heap   total 130048K, used 43417K [0x00000000a1400000, 0x0000000100000000)
  region size 1024K, 7 young (7168K), 7 survivors (7168K)
 Metaspace       used 41792K, committed 43712K, reserved 1097728K
  class space    used 5156K, committed 5760K, reserved 1048576K
}
Event: 23885.363 GC heap before
{Heap before GC invocations=91 (full 0):
 garbage-first heap   total 130048K, used 44441K [0x00000000a1400000, 0x0000000100000000)
  region size 1024K, 8 young (8192K), 7 survivors (7168K)
 Metaspace       used 41860K, committed 43712K, reserved 1097728K
  class space    used 5158K, committed 5760K, reserved 1048576K
}
Event: 23885.379 GC heap after
{Heap after GC invocations=92 (full 0):
 garbage-first heap   total 130048K, used 36741K [0x00000000a1400000, 0x0000000100000000)
  region size 1024K, 1 young (1024K), 1 survivors (1024K)
 Metaspace       used 41860K, committed 43712K, reserved 1097728K
  class space    used 5158K, committed 5760K, reserved 1048576K
}
Event: 23890.316 GC heap before
{Heap before GC invocations=92 (full 0):
 garbage-first heap   total 130048K, used 97157K [0x00000000a1400000, 0x0000000100000000)
  region size 1024K, 60 young (61440K), 1 survivors (1024K)
 Metaspace       used 43060K, committed 44736K, reserved 1097728K
  class space    used 5195K, committed 5760K, reserved 1048576K
}

Deoptimization events (20 events):
Event: 23844.589 Thread 0x00000193a5a57040 Uncommon trap: trap_request=0xffffffd6 fr.pc=0x0000019396da9d68 relative=0x0000000000000148
Event: 23844.589 Thread 0x00000193a5a57040 Uncommon trap: reason=array_check action=maybe_recompile pc=0x0000019396da9d68 method=java.util.stream.Nodes$FixedNodeBuilder.accept(Ljava/lang/Object;)V @ 28 c2
Event: 23844.590 Thread 0x00000193a5a57040 DEOPT PACKING pc=0x0000019396da9d68 sp=0x0000003ab4dfe090
Event: 23844.590 Thread 0x00000193a5a57040 DEOPT UNPACKING pc=0x000001938ed6d72e sp=0x0000003ab4dfe040 mode 2
Event: 23844.590 Thread 0x00000193a5a57040 Uncommon trap: trap_request=0xffffffd6 fr.pc=0x0000019396da9d68 relative=0x0000000000000148
Event: 23844.590 Thread 0x00000193a5a57040 Uncommon trap: reason=array_check action=maybe_recompile pc=0x0000019396da9d68 method=java.util.stream.Nodes$FixedNodeBuilder.accept(Ljava/lang/Object;)V @ 28 c2
Event: 23844.590 Thread 0x00000193a5a57040 DEOPT PACKING pc=0x0000019396da9d68 sp=0x0000003ab4dfe090
Event: 23844.590 Thread 0x00000193a5a57040 DEOPT UNPACKING pc=0x000001938ed6d72e sp=0x0000003ab4dfe040 mode 2
Event: 23844.608 Thread 0x00000193a5a57040 Uncommon trap: trap_request=0xffffffd6 fr.pc=0x0000019396da9d68 relative=0x0000000000000148
Event: 23844.608 Thread 0x00000193a5a57040 Uncommon trap: reason=array_check action=maybe_recompile pc=0x0000019396da9d68 method=java.util.stream.Nodes$FixedNodeBuilder.accept(Ljava/lang/Object;)V @ 28 c2
Event: 23844.608 Thread 0x00000193a5a57040 DEOPT PACKING pc=0x0000019396da9d68 sp=0x0000003ab4dfe0b0
Event: 23844.608 Thread 0x00000193a5a57040 DEOPT UNPACKING pc=0x000001938ed6d72e sp=0x0000003ab4dfe060 mode 2
Event: 23844.608 Thread 0x00000193a5a57040 Uncommon trap: trap_request=0xffffffd6 fr.pc=0x0000019396da9d68 relative=0x0000000000000148
Event: 23844.608 Thread 0x00000193a5a57040 Uncommon trap: reason=array_check action=maybe_recompile pc=0x0000019396da9d68 method=java.util.stream.Nodes$FixedNodeBuilder.accept(Ljava/lang/Object;)V @ 28 c2
Event: 23844.608 Thread 0x00000193a5a57040 DEOPT PACKING pc=0x0000019396da9d68 sp=0x0000003ab4dfe0b0
Event: 23844.608 Thread 0x00000193a5a57040 DEOPT UNPACKING pc=0x000001938ed6d72e sp=0x0000003ab4dfe060 mode 2
Event: 23844.929 Thread 0x00000193a5a57040 DEOPT PACKING pc=0x000001938fd7a132 sp=0x0000003ab4dfdaa0
Event: 23844.929 Thread 0x00000193a5a57040 DEOPT UNPACKING pc=0x000001938ed6dece sp=0x0000003ab4dfcf40 mode 0
Event: 23887.856 Thread 0x00000193a5a57040 DEOPT PACKING pc=0x000001938fd7f951 sp=0x0000003ab4dfeb90
Event: 23887.856 Thread 0x00000193a5a57040 DEOPT UNPACKING pc=0x000001938ed6dece sp=0x0000003ab4dfe008 mode 0

Classes unloaded (20 events):
Event: 23880.008 Thread 0x00000193a416ed40 Unloading class 0x00000008011c3800 'GeneratedBySSLR'
Event: 23880.008 Thread 0x00000193a416ed40 Unloading class 0x00000008011c3000 'GeneratedBySSLR'
Event: 23880.008 Thread 0x00000193a416ed40 Unloading class 0x00000008011b9800 'GeneratedBySSLR'
Event: 23880.008 Thread 0x00000193a416ed40 Unloading class 0x00000008011b9000 'GeneratedBySSLR'
Event: 23880.008 Thread 0x00000193a416ed40 Unloading class 0x00000008011b8800 'GeneratedBySSLR'
Event: 23880.008 Thread 0x00000193a416ed40 Unloading class 0x00000008011b8000 'GeneratedBySSLR'
Event: 23880.008 Thread 0x00000193a416ed40 Unloading class 0x0000000800c88800 'GeneratedBySSLR'
Event: 23880.008 Thread 0x00000193a416ed40 Unloading class 0x0000000800c88000 'GeneratedBySSLR'
Event: 23880.008 Thread 0x00000193a416ed40 Unloading class 0x000000080118a800 'GeneratedBySSLR'
Event: 23880.008 Thread 0x00000193a416ed40 Unloading class 0x000000080118a000 'GeneratedBySSLR'
Event: 23880.008 Thread 0x00000193a416ed40 Unloading class 0x000000080118d800 'GeneratedBySSLR'
Event: 23880.008 Thread 0x00000193a416ed40 Unloading class 0x000000080118d000 'GeneratedBySSLR'
Event: 23880.008 Thread 0x00000193a416ed40 Unloading class 0x000000080118e800 'GeneratedBySSLR'
Event: 23880.008 Thread 0x00000193a416ed40 Unloading class 0x000000080118e000 'GeneratedBySSLR'
Event: 23880.008 Thread 0x00000193a416ed40 Unloading class 0x0000000801126800 'GeneratedBySSLR'
Event: 23880.008 Thread 0x00000193a416ed40 Unloading class 0x0000000801126000 'GeneratedBySSLR'
Event: 23880.008 Thread 0x00000193a416ed40 Unloading class 0x00000008011b3800 'GeneratedBySSLR'
Event: 23880.008 Thread 0x00000193a416ed40 Unloading class 0x00000008011b3000 'GeneratedBySSLR'
Event: 23880.008 Thread 0x00000193a416ed40 Unloading class 0x000000080112a800 'GeneratedBySSLR'
Event: 23880.008 Thread 0x00000193a416ed40 Unloading class 0x000000080112a000 'GeneratedBySSLR'

Classes redefined (0 events):
No events

Internal exceptions (20 events):
Event: 23884.018 Thread 0x00000193a560ef60 Exception <a 'java/lang/InterruptedException'{0x00000000a7380840}: sleep interrupted> (0x00000000a7380840) 
thrown [t:\workspace\open\src\hotspot\share\prims\jvm.cpp, line 3305]
Event: 23884.029 Thread 0x00000193a560bf90 Exception <a 'java/lang/InterruptedException'{0x00000000a6e808f8}: sleep interrupted> (0x00000000a6e808f8) 
thrown [t:\workspace\open\src\hotspot\share\prims\jvm.cpp, line 3305]
Event: 23884.037 Thread 0x00000193a560df70 Exception <a 'java/lang/InterruptedException'{0x00000000a6a808f8}: sleep interrupted> (0x00000000a6a808f8) 
thrown [t:\workspace\open\src\hotspot\share\prims\jvm.cpp, line 3305]
Event: 23884.042 Thread 0x00000193a5a57040 Exception <a 'sun/nio/fs/WindowsException'{0x00000000a6a72f28}> (0x00000000a6a72f28) 
thrown [t:\workspace\open\src\hotspot\share\prims\jni.cpp, line 579]
Event: 23884.205 Thread 0x00000193a560bf90 Exception <a 'java/lang/InterruptedException'{0x00000000a60808f8}: sleep interrupted> (0x00000000a60808f8) 
thrown [t:\workspace\open\src\hotspot\share\prims\jvm.cpp, line 3305]
Event: 23884.210 Thread 0x00000193a5a57040 Exception <a 'sun/nio/fs/WindowsException'{0x00000000a607e898}> (0x00000000a607e898) 
thrown [t:\workspace\open\src\hotspot\share\prims\jni.cpp, line 579]
Event: 23885.403 Thread 0x00000193a560cf80 Exception <a 'java/lang/InterruptedException'{0x00000000a90000f8}: sleep interrupted> (0x00000000a90000f8) 
thrown [t:\workspace\open\src\hotspot\share\prims\jvm.cpp, line 3305]
Event: 23885.409 Thread 0x00000193a5a57040 Exception <a 'sun/nio/fs/WindowsException'{0x00000000a8fd82a0}> (0x00000000a8fd82a0) 
thrown [t:\workspace\open\src\hotspot\share\prims\jni.cpp, line 579]
Event: 23885.491 Thread 0x00000193a560f4b0 Exception <a 'java/lang/InterruptedException'{0x00000000a85808f8}: sleep interrupted> (0x00000000a85808f8) 
thrown [t:\workspace\open\src\hotspot\share\prims\jvm.cpp, line 3305]
Event: 23885.497 Thread 0x00000193a5a57040 Exception <a 'sun/nio/fs/WindowsException'{0x00000000a82394d0}> (0x00000000a82394d0) 
thrown [t:\workspace\open\src\hotspot\share\prims\jni.cpp, line 579]
Event: 23887.828 Thread 0x00000193a560ea10 Exception <a 'java/lang/InterruptedException'{0x00000000a8180840}: sleep interrupted> (0x00000000a8180840) 
thrown [t:\workspace\open\src\hotspot\share\prims\jvm.cpp, line 3305]
Event: 23887.839 Thread 0x00000193a560ea10 Exception <a 'java/lang/InterruptedException'{0x00000000a7c808f8}: sleep interrupted> (0x00000000a7c808f8) 
thrown [t:\workspace\open\src\hotspot\share\prims\jvm.cpp, line 3305]
Event: 23887.852 Thread 0x00000193a560ef60 Exception <a 'java/lang/InterruptedException'{0x00000000a77000f8}: sleep interrupted> (0x00000000a77000f8) 
thrown [t:\workspace\open\src\hotspot\share\prims\jvm.cpp, line 3305]
Event: 23887.856 Thread 0x00000193a5a57040 Exception <a 'sun/nio/fs/WindowsException'{0x00000000a7506628}> (0x00000000a7506628) 
thrown [t:\workspace\open\src\hotspot\share\prims\jni.cpp, line 579]
Event: 23888.058 Thread 0x00000193a560c4e0 Exception <a 'java/lang/InterruptedException'{0x00000000a6f000f8}: sleep interrupted> (0x00000000a6f000f8) 
thrown [t:\workspace\open\src\hotspot\share\prims\jvm.cpp, line 3305]
Event: 23888.086 Thread 0x00000193a560cf80 Exception <a 'java/lang/InterruptedException'{0x00000000a6b000f8}: sleep interrupted> (0x00000000a6b000f8) 
thrown [t:\workspace\open\src\hotspot\share\prims\jvm.cpp, line 3305]
Event: 23888.090 Thread 0x00000193a5a57040 Exception <a 'sun/nio/fs/WindowsException'{0x00000000a6906628}> (0x00000000a6906628) 
thrown [t:\workspace\open\src\hotspot\share\prims\jni.cpp, line 579]
Event: 23889.671 Thread 0x00000193a560da20 Exception <a 'java/lang/InterruptedException'{0x00000000a63000f8}: sleep interrupted> (0x00000000a63000f8) 
thrown [t:\workspace\open\src\hotspot\share\prims\jvm.cpp, line 3305]
Event: 23889.679 Thread 0x00000193a560c4e0 Exception <a 'java/lang/InterruptedException'{0x00000000a60808f8}: sleep interrupted> (0x00000000a60808f8) 
thrown [t:\workspace\open\src\hotspot\share\prims\jvm.cpp, line 3305]
Event: 23889.685 Thread 0x00000193a5a57040 Exception <a 'sun/nio/fs/WindowsException'{0x00000000a5f21480}> (0x00000000a5f21480) 
thrown [t:\workspace\open\src\hotspot\share\prims\jni.cpp, line 579]

Events (20 events):
Event: 23887.852 Thread 0x00000193a560ef60 Thread exited: 0x00000193a560ef60
Event: 23888.007 Thread 0x00000193a560ea10 Thread added: 0x00000193a560ea10
Event: 23888.017 Thread 0x00000193a560ea10 Thread exited: 0x00000193a560ea10
Event: 23888.038 Thread 0x00000193a560c4e0 Thread added: 0x00000193a560c4e0
Event: 23888.058 Thread 0x00000193a560c4e0 Thread exited: 0x00000193a560c4e0
Event: 23888.069 Thread 0x00000193a560cf80 Thread added: 0x00000193a560cf80
Event: 23888.086 Thread 0x00000193a560cf80 Thread exited: 0x00000193a560cf80
Event: 23888.379 Executing  VM operation: Cleanup
Event: 23888.379 Executing  VM operation: Cleanup done
Event: 23889.656 Thread 0x00000193a560df70 Thread added: 0x00000193a560df70
Event: 23889.656 Thread 0x00000193a560df70 Thread exited: 0x00000193a560df70
Event: 23889.670 Thread 0x00000193a560da20 Thread added: 0x00000193a560da20
Event: 23889.671 Thread 0x00000193a560da20 Thread exited: 0x00000193a560da20
Event: 23889.678 Thread 0x00000193a560c4e0 Thread added: 0x00000193a560c4e0
Event: 23889.679 Thread 0x00000193a560c4e0 Thread exited: 0x00000193a560c4e0
Event: 23890.276 Thread 0x00000193a560da20 Thread added: 0x00000193a560da20
Event: 23890.277 Thread 0x00000193a560da20 Thread exited: 0x00000193a560da20
Event: 23890.298 Thread 0x00000193a560ca30 Thread added: 0x00000193a560ca30
Event: 23890.306 Thread 0x00000193a560ca30 Thread exited: 0x00000193a560ca30
Event: 23890.316 Executing  VM operation: G1CollectForAllocation


Dynamic libraries:
0x00007ff7c86b0000 - 0x00007ff7c86c0000 	C:\Program Files\Java\jdk-16.0.1\bin\java.exe
0x00007ff8f1420000 - 0x00007ff8f1610000 	C:\Windows\SYSTEM32\ntdll.dll
0x00007ff8d07b0000 - 0x00007ff8d07c3000 	C:\Program Files\Avast Software\Avast\aswhook.dll
0x00007ff8f04f0000 - 0x00007ff8f05a2000 	C:\Windows\System32\KERNEL32.DLL
0x00007ff8ee4b0000 - 0x00007ff8ee753000 	C:\Windows\System32\KERNELBASE.dll
0x00007ff8ee3b0000 - 0x00007ff8ee4aa000 	C:\Windows\System32\ucrtbase.dll
0x00007ff8e81e0000 - 0x00007ff8e81f8000 	C:\Program Files\Java\jdk-16.0.1\bin\jli.dll
0x00007ff8eaba0000 - 0x00007ff8eabb9000 	C:\Program Files\Java\jdk-16.0.1\bin\VCRUNTIME140.dll
0x00007ff8ef770000 - 0x00007ff8ef813000 	C:\Windows\System32\ADVAPI32.dll
0x00007ff8f0ca0000 - 0x00007ff8f0d3e000 	C:\Windows\System32\msvcrt.dll
0x00007ff8f0450000 - 0x00007ff8f04e7000 	C:\Windows\System32\sechost.dll
0x00007ff8ef9d0000 - 0x00007ff8efaf0000 	C:\Windows\System32\RPCRT4.dll
0x00007ff8efc50000 - 0x00007ff8efde4000 	C:\Windows\System32\USER32.dll
0x00007ff8daa50000 - 0x00007ff8dacd5000 	C:\Windows\WinSxS\amd64_microsoft.windows.common-controls_6595b64144ccf1df_6.0.18362.418_none_e6c6b287130d565d\COMCTL32.dll
0x00007ff8ef150000 - 0x00007ff8ef171000 	C:\Windows\System32\win32u.dll
0x00007ff8f0ef0000 - 0x00007ff8f1226000 	C:\Windows\System32\combase.dll
0x00007ff8efe60000 - 0x00007ff8efe86000 	C:\Windows\System32\GDI32.dll
0x00007ff8ef290000 - 0x00007ff8ef424000 	C:\Windows\System32\gdi32full.dll
0x00007ff8ef030000 - 0x00007ff8ef0b0000 	C:\Windows\System32\bcryptPrimitives.dll
0x00007ff8ef430000 - 0x00007ff8ef4ce000 	C:\Windows\System32\msvcp_win.dll
0x00007ff8e8810000 - 0x00007ff8e881a000 	C:\Windows\SYSTEM32\VERSION.dll
0x00007ff8ef820000 - 0x00007ff8ef84e000 	C:\Windows\System32\IMM32.DLL
0x00007ff8ec3e0000 - 0x00007ff8ec3ec000 	C:\Program Files\Java\jdk-16.0.1\bin\vcruntime140_1.dll
0x00007ff8e8140000 - 0x00007ff8e81d1000 	C:\Program Files\Java\jdk-16.0.1\bin\msvcp140.dll
0x00007ff8a9840000 - 0x00007ff8aa3eb000 	C:\Program Files\Java\jdk-16.0.1\bin\server\jvm.dll
0x00007ff8f0300000 - 0x00007ff8f0308000 	C:\Windows\System32\PSAPI.DLL
0x00007ff8e1db0000 - 0x00007ff8e1db9000 	C:\Windows\SYSTEM32\WSOCK32.dll
0x00007ff8efdf0000 - 0x00007ff8efe5f000 	C:\Windows\System32\WS2_32.dll
0x00007ff8ec220000 - 0x00007ff8ec244000 	C:\Windows\SYSTEM32\WINMM.dll
0x00007ff8ec1f0000 - 0x00007ff8ec21d000 	C:\Windows\SYSTEM32\WINMMBASE.dll
0x00007ff8ef0b0000 - 0x00007ff8ef0fa000 	C:\Windows\System32\cfgmgr32.dll
0x00007ff8ee300000 - 0x00007ff8ee311000 	C:\Windows\System32\kernel.appcore.dll
0x00007ff8eab50000 - 0x00007ff8eab5a000 	C:\Program Files\Java\jdk-16.0.1\bin\jimage.dll
0x00007ff8e7960000 - 0x00007ff8e7b54000 	C:\Windows\SYSTEM32\DBGHELP.DLL
0x00007ff8e7460000 - 0x00007ff8e748a000 	C:\Windows\SYSTEM32\dbgcore.DLL
0x00007ff8e8110000 - 0x00007ff8e8135000 	C:\Program Files\Java\jdk-16.0.1\bin\java.dll
0x00007ff8f05b0000 - 0x00007ff8f0c95000 	C:\Windows\System32\SHELL32.dll
0x00007ff8ef580000 - 0x00007ff8ef629000 	C:\Windows\System32\shcore.dll
0x00007ff8ee8b0000 - 0x00007ff8ef02f000 	C:\Windows\System32\windows.storage.dll
0x00007ff8ee370000 - 0x00007ff8ee38f000 	C:\Windows\System32\profapi.dll
0x00007ff8ee320000 - 0x00007ff8ee36a000 	C:\Windows\System32\powrprof.dll
0x00007ff8ee2f0000 - 0x00007ff8ee300000 	C:\Windows\System32\UMPDC.dll
0x00007ff8f0370000 - 0x00007ff8f03c2000 	C:\Windows\System32\shlwapi.dll
0x00007ff8ef130000 - 0x00007ff8ef147000 	C:\Windows\System32\cryptsp.dll
0x00007ff8e80f0000 - 0x00007ff8e8109000 	C:\Program Files\Java\jdk-16.0.1\bin\net.dll
0x00007ff8e26f0000 - 0x00007ff8e27e0000 	C:\Windows\SYSTEM32\WINHTTP.dll
0x00007ff8edab0000 - 0x00007ff8edb17000 	C:\Windows\system32\mswsock.dll
0x00007ff8e7300000 - 0x00007ff8e7313000 	C:\Program Files\Java\jdk-16.0.1\bin\nio.dll
0x00007ff8e21c0000 - 0x00007ff8e21d8000 	C:\Program Files\Java\jdk-16.0.1\bin\zip.dll
0x00007ff8ed810000 - 0x00007ff8ed8da000 	C:\Windows\SYSTEM32\DNSAPI.dll
0x00007ff8ef9c0000 - 0x00007ff8ef9c8000 	C:\Windows\System32\NSI.dll
0x00007ff8ed7d0000 - 0x00007ff8ed80a000 	C:\Windows\SYSTEM32\IPHLPAPI.DLL
0x00007ff8e0d90000 - 0x00007ff8e0d9a000 	C:\Windows\System32\rasadhlp.dll
0x00007ff8e73b0000 - 0x00007ff8e7427000 	C:\Windows\System32\fwpuclnt.dll
0x00007ff8ef100000 - 0x00007ff8ef126000 	C:\Windows\System32\bcrypt.dll
0x00007ff8eab30000 - 0x00007ff8eab40000 	C:\Program Files\Java\jdk-16.0.1\bin\verify.dll
0x00007ff8ed630000 - 0x00007ff8ed663000 	C:\Windows\system32\rsaenh.dll
0x00007ff8ee1e0000 - 0x00007ff8ee205000 	C:\Windows\SYSTEM32\USERENV.dll
0x00007ff8edc30000 - 0x00007ff8edc3c000 	C:\Windows\SYSTEM32\CRYPTBASE.dll
0x00007ff8e7b90000 - 0x00007ff8e7ba6000 	C:\Windows\SYSTEM32\dhcpcsvc6.DLL
0x00007ff8e7b70000 - 0x00007ff8e7b8c000 	C:\Windows\SYSTEM32\dhcpcsvc.DLL
0x00007ff8dae50000 - 0x00007ff8dae66000 	C:\Windows\system32\napinsp.dll
0x00007ff8dae30000 - 0x00007ff8dae4a000 	C:\Windows\system32\pnrpnsp.dll
0x00007ff8dae20000 - 0x00007ff8dae2e000 	C:\Windows\System32\winrnr.dll
0x00007ff8eab10000 - 0x00007ff8eab2c000 	C:\Windows\system32\NLAapi.dll
0x00007ff8dae00000 - 0x00007ff8dae15000 	C:\Windows\system32\wshbth.dll
0x00007ff8ec460000 - 0x00007ff8ec4ef000 	C:\Windows\system32\apphelp.dll
0x00007ff8ec3f0000 - 0x00007ff8ec3fe000 	C:\Program Files\Java\jdk-16.0.1\bin\sunmscapi.dll
0x00007ff8ee760000 - 0x00007ff8ee8a9000 	C:\Windows\System32\CRYPT32.dll
0x00007ff8ee390000 - 0x00007ff8ee3a2000 	C:\Windows\System32\MSASN1.dll
0x00007ff8edd30000 - 0x00007ff8edd56000 	C:\Windows\SYSTEM32\ncrypt.dll
0x00007ff8edcf0000 - 0x00007ff8edd2b000 	C:\Windows\SYSTEM32\NTASN1.dll

dbghelp: loaded successfully - version: 4.0.5 - missing functions: none
symbol engine: initialized successfully - sym options: 0x614 - pdb path: .;C:\Program Files\Java\jdk-16.0.1\bin;C:\Windows\SYSTEM32;C:\Program Files\Avast Software\Avast;C:\Windows\WinSxS\amd64_microsoft.windows.common-controls_6595b64144ccf1df_6.0.18362.418_none_e6c6b287130d565d;C:\Program Files\Java\jdk-16.0.1\bin\server

VM Arguments:
java_command: d:\Users\Gilson José.DESKTOP-TTETHU6\.vscode\extensions\sonarsource.sonarlint-vscode-2.0.0\server\sonarlint-ls.jar 49905 file:///d:/Users/Gilson%20Jos%C3%A9.DESKTOP-TTETHU6/.vscode/extensions/sonarsource.sonarlint-vscode-2.0.0/analyzers/sonarjava.jar file:///d:/Users/Gilson%20Jos%C3%A9.DESKTOP-TTETHU6/.vscode/extensions/sonarsource.sonarlint-vscode-2.0.0/analyzers/sonarjs.jar file:///d:/Users/Gilson%20Jos%C3%A9.DESKTOP-TTETHU6/.vscode/extensions/sonarsource.sonarlint-vscode-2.0.0/analyzers/sonarphp.jar file:///d:/Users/Gilson%20Jos%C3%A9.DESKTOP-TTETHU6/.vscode/extensions/sonarsource.sonarlint-vscode-2.0.0/analyzers/sonarpython.jar file:///d:/Users/Gilson%20Jos%C3%A9.DESKTOP-TTETHU6/.vscode/extensions/sonarsource.sonarlint-vscode-2.0.0/analyzers/sonarhtml.jar
java_class_path (initial): d:\Users\Gilson José.DESKTOP-TTETHU6\.vscode\extensions\sonarsource.sonarlint-vscode-2.0.0\server\sonarlint-ls.jar
Launcher Type: SUN_STANDARD

[Global flags]
     intx CICompilerCount                          = 3                                         {product} {ergonomic}
     uint ConcGCThreads                            = 1                                         {product} {ergonomic}
     uint G1ConcRefinementThreads                  = 4                                         {product} {ergonomic}
   size_t G1HeapRegionSize                         = 1048576                                   {product} {ergonomic}
    uintx GCDrainStackTargetSize                   = 64                                        {product} {ergonomic}
   size_t InitialHeapSize                          = 100663296                                 {product} {ergonomic}
   size_t MarkStackSize                            = 4194304                                   {product} {ergonomic}
   size_t MaxHeapSize                              = 1589641216                                {product} {ergonomic}
   size_t MaxNewSize                               = 953155584                                 {product} {ergonomic}
   size_t MinHeapDeltaBytes                        = 1048576                                   {product} {ergonomic}
   size_t MinHeapSize                              = 8388608                                   {product} {ergonomic}
    uintx NonNMethodCodeHeapSize                   = 5832780                                {pd product} {ergonomic}
    uintx NonProfiledCodeHeapSize                  = 122912730                              {pd product} {ergonomic}
    uintx ProfiledCodeHeapSize                     = 122912730                              {pd product} {ergonomic}
    uintx ReservedCodeCacheSize                    = 251658240                              {pd product} {ergonomic}
     bool SegmentedCodeCache                       = true                                      {product} {ergonomic}
   size_t SoftMaxHeapSize                          = 1589641216                             {manageable} {ergonomic}
     bool UseCompressedClassPointers               = true                           {product lp64_product} {ergonomic}
     bool UseCompressedOops                        = true                           {product lp64_product} {ergonomic}
     bool UseG1GC                                  = true                                      {product} {ergonomic}
     bool UseLargePagesIndividualAllocation        = false                                  {pd product} {ergonomic}

Logging:
Log output configuration:
 #0: stdout all=warning uptime,level,tags
 #1: stderr all=off uptime,level,tags

Environment Variables:
PATH=C:\Program Files\Common Files\Oracle\Java\javapath;C:\Program Files (x86)\Common Files\Oracle\Java\javapath;C:\Windows\system32;C:\Windows;C:\Windows\System32\Wbem;C:\Windows\System32\WindowsPowerShell\v1.0\;C:\Windows\System32\OpenSSH\;C:\Program Files\Docker\Docker\resources\bin;D:\ProgramData\DockerDesktop\version-bin;D:\nodejs\;C:\xampp\php;C:\composer;D:\Users\Gilson José.DESKTOP-TTETHU6\AppData\Local\Programs\Python\Python39\Scripts\;D:\Users\Gilson José.DESKTOP-TTETHU6\AppData\Local\Programs\Python\Python39\;D:\Users\Gilson José.DESKTOP-TTETHU6\AppData\Local\Microsoft\WindowsApps;D:\Users\Gilson José.DESKTOP-TTETHU6\AppData\Local\Programs\Microsoft VS Code\bin;D:\Users\Gilson José.DESKTOP-TTETHU6\AppData\Roaming\npm;D:\Users\Gilson José.DESKTOP-TTETHU6\composer;D:\Users\Gilson José.DESKTOP-TTETHU6\AppData\Roaming\Composer\vendor\bin;D:\Users\Gilson José.DESKTOP-TTETHU6\AppData\Local\GitHubDesktop\bin;D:\xampp\php;D:\apache-maven-3.8.1\bin;D:\Programas\IntelliJ IDEA 2019.2.2\bin;;D:\apache-tomcat-10.0.8\bin;
USERNAME=Gilson José
OS=Windows_NT
PROCESSOR_IDENTIFIER=Intel64 Family 6 Model 60 Stepping 3, GenuineIntel



---------------  S Y S T E M  ---------------

OS:
 Windows 10 , 64 bit Build 18362 (10.0.18362.329)
OS uptime: 1 days 10:22 hours
Hyper-V role detected

CPU: total 4 (initial active 4) (2 cores per cpu, 2 threads per core) family 6 model 60 stepping 3 microcode 0x28, cx8, cmov, fxsr, ht, mmx, sse, sse2, sse3, ssse3, sse4.1, sse4.2, popcnt, lzcnt, tsc, tscinvbit, avx, avx2, aes, erms, clmul, bmi1, bmi2, fma, vzeroupper, clflush, hv

Memory: 4k page, system-wide physical 6063M (860M free)
TotalPageFile size 6063M (AvailPageFile size 15M)
current process WorkingSet (physical memory assigned to process): 241M, peak: 299M
current process commit charge ("private bytes"): 525M, peak: 548M

vm_info: Java HotSpot(TM) 64-Bit Server VM (16.0.1+9-24) for windows-amd64 JRE (16.0.1+9-24), built on Mar 26 2021 19:31:42 by "mach5one" with MS VC++ 16.7 (VS2019)

END.
